2019-01-04 Friday 16:37:47  INFO :  user:admin login,Enter second dialog.
2019-01-04 Friday 16:37:49  INFO :  Enter third dialog.
2019-01-04 Friday 16:37:53  INFO :  IP：localhost网络通畅,0
2019-01-04 Friday 16:37:53  INFO :  Reveived Request:{'head': 'cmd', 'file': 'D:\\Dataset\\Gunshot', 'func_ycsyjc': 0, 'func_yzfl': 0, 'func_swfl': 0, 'chsum': '0xf53b5ae7'}
2019-01-04 Friday 16:37:53  INFO :  Send Reply:{'head': 'rec', 'file': 'D:\\Dataset\\Gunshot', 'network': 0, 'ready': 1, 'error': 200, 'chsum': '0x 9617d9a'}
2019-01-04 Friday 16:37:53  INFO :  Send Report:{'head': 'report', 'file': 'D:\\Dataset\\Gunshot', 'file_num': 6, 'time': '00:00：00', 'chsum': '0xc4e59219'}
2019-01-04 Friday 16:37:53  INFO :  Receive Msg:{'head': 'control', 'file': ' / xxxx / xxxxx', 'stop': 0, 'chsum': '0x2f42a089'}
2019-01-04 Friday 16:38:36  DEBUG :  发送平台信息包头:data, 当前处理的音频文件是:30762b4e.wav 
发送时刻(hhmmss):Fri Jan  4 16:38:36 2019, IP地址:localhost, 是否发送成功:1, 发送内容查询log,ycsy:{'timesteps': ['0.0s,10.0s'], 'content': ['gun_shot']}
,swfl:{'timesteps': ['20.123s,23.456s', '30.111s,35.222s', '36.000s,37.000s', '38.000s,40.000s'], 'content': ['id00001', 'id00003', 'id00001', 'id00002'], 'newid': ['id00003']}
,yzfl:{'timesteps': ['00.000s,11.111s', '11.111s,22.222s', '22.222s,33.333s'], 'content': ['mandarin', 'english', 'uygur']}
2019-01-04 Friday 16:38:39  DEBUG :  发送平台信息包头:data, 当前处理的音频文件是:30d71cfe.wav 
发送时刻(hhmmss):Fri Jan  4 16:38:39 2019, IP地址:localhost, 是否发送成功:1, 发送内容查询log,ycsy:{'timesteps': ['0.0s,14.0s'], 'content': ['gun_shot']}
,swfl:{'timesteps': ['20.123s,23.456s', '30.111s,35.222s', '36.000s,37.000s', '38.000s,40.000s'], 'content': ['id00001', 'id00003', 'id00001', 'id00002'], 'newid': ['id00003']}
,yzfl:{'timesteps': ['00.000s,11.111s', '11.111s,22.222s', '22.222s,33.333s'], 'content': ['mandarin', 'english', 'uygur']}
2019-01-04 Friday 16:38:55  DEBUG :  发送平台信息包头:data, 当前处理的音频文件是:49e25a3e.wav 
发送时刻(hhmmss):Fri Jan  4 16:38:55 2019, IP地址:localhost, 是否发送成功:1, 发送内容查询log,ycsy:{'timesteps': ['0.0s,12.0s'], 'content': ['gun_shot']}
,swfl:{'timesteps': ['20.123s,23.456s', '30.111s,35.222s', '36.000s,37.000s', '38.000s,40.000s'], 'content': ['id00001', 'id00003', 'id00001', 'id00002'], 'newid': ['id00003']}
,yzfl:{'timesteps': ['00.000s,11.111s', '11.111s,22.222s', '22.222s,33.333s'], 'content': ['mandarin', 'english', 'uygur']}
2019-01-04 Friday 16:39:08  DEBUG :  发送平台信息包头:data, 当前处理的音频文件是:5c123193.wav 
发送时刻(hhmmss):Fri Jan  4 16:39:08 2019, IP地址:localhost, 是否发送成功:1, 发送内容查询log,ycsy:{'timesteps': ['0.0s,14.0s'], 'content': ['gun_shot']}
,swfl:{'timesteps': ['20.123s,23.456s', '30.111s,35.222s', '36.000s,37.000s', '38.000s,40.000s'], 'content': ['id00001', 'id00003', 'id00001', 'id00002'], 'newid': ['id00003']}
,yzfl:{'timesteps': ['00.000s,11.111s', '11.111s,22.222s', '22.222s,33.333s'], 'content': ['mandarin', 'english', 'uygur']}
2019-01-04 Friday 16:39:22  DEBUG :  发送平台信息包头:data, 当前处理的音频文件是:d01afeb4.wav 
发送时刻(hhmmss):Fri Jan  4 16:39:22 2019, IP地址:localhost, 是否发送成功:1, 发送内容查询log,ycsy:{'timesteps': ['0.0s,8.0s'], 'content': ['gun_shot']}
,swfl:{'timesteps': ['20.123s,23.456s', '30.111s,35.222s', '36.000s,37.000s', '38.000s,40.000s'], 'content': ['id00001', 'id00003', 'id00001', 'id00002'], 'newid': ['id00003']}
,yzfl:{'timesteps': ['00.000s,11.111s', '11.111s,22.222s', '22.222s,33.333s'], 'content': ['mandarin', 'english', 'uygur']}
2019-01-04 Friday 16:39:47  DEBUG :  发送平台信息包头:data, 当前处理的音频文件是:fa5e59d2.wav 
发送时刻(hhmmss):Fri Jan  4 16:39:47 2019, IP地址:localhost, 是否发送成功:1, 发送内容查询log,ycsy:{'timesteps': ['2.0s,10.0s'], 'content': ['gun_shot']}
,swfl:{'timesteps': ['20.123s,23.456s', '30.111s,35.222s', '36.000s,37.000s', '38.000s,40.000s'], 'content': ['id00001', 'id00003', 'id00001', 'id00002'], 'newid': ['id00003']}
,yzfl:{'timesteps': ['00.000s,11.111s', '11.111s,22.222s', '22.222s,33.333s'], 'content': ['mandarin', 'english', 'uygur']}
2019-01-04 Friday 16:39:49  INFO :  所有文件处理完成。
2019-01-04 Friday 16:39:49  INFO :  所有文件处理完成。
2019-01-04 Friday 16:39:49  INFO :  所有文件处理完成。
2019-01-05 Saturday 14:45:24  INFO :  user:admin login,Enter second dialog.
2019-01-05 Saturday 14:45:27  INFO :  Enter third dialog.
2019-01-05 Saturday 14:45:32  INFO :  IP：localhost网络通畅,0
2019-01-05 Saturday 14:45:32  INFO :  Reveived Request:{'head': 'cmd', 'file': 'D:\\Dataset\\Gunshot', 'func_ycsyjc': 0, 'func_yzfl': 0, 'func_swfl': 0, 'chsum': '0xf53b5ae7'}
2019-01-05 Saturday 14:45:32  INFO :  Send Reply:{'head': 'rec', 'file': 'D:\\Dataset\\Gunshot', 'network': 0, 'ready': 1, 'error': 200, 'chsum': '0x 9617d9a'}
2019-01-05 Saturday 14:45:32  INFO :  Send Report:{'head': 'report', 'file': 'D:\\Dataset\\Gunshot', 'file_num': 1, 'time': '00:00：00', 'chsum': '0xb25c0ab7'}
2019-01-05 Saturday 14:45:32  INFO :  Receive Msg:{'head': 'control', 'file': ' / xxxx / xxxxx', 'stop': 0, 'chsum': '0x2f42a089'}
2019-01-05 Saturday 14:46:15  ERROR :  当前线程：2 处理音频时发生错误:[Errno 2] No such file or directory: 'D:\\GitRep\\pyQt\\1-0.40-14.45.wav'

2019-01-05 Saturday 15:13:47  INFO :  user:admin login,Enter second dialog.
2019-01-05 Saturday 15:13:50  INFO :  Enter third dialog.
2019-01-05 Saturday 15:13:54  INFO :  IP：localhost网络通畅,0
2019-01-05 Saturday 15:13:54  INFO :  Reveived Request:{'head': 'cmd', 'file': 'D:\\Dataset\\Gunshot', 'func_ycsyjc': 0, 'func_yzfl': 0, 'func_swfl': 0, 'chsum': '0xf53b5ae7'}
2019-01-05 Saturday 15:13:54  INFO :  Send Reply:{'head': 'rec', 'file': 'D:\\Dataset\\Gunshot', 'network': 0, 'ready': 1, 'error': 200, 'chsum': '0x 9617d9a'}
2019-01-05 Saturday 15:13:54  INFO :  Send Report:{'head': 'report', 'file': 'D:\\Dataset\\Gunshot', 'file_num': 1, 'time': '00:00：00', 'chsum': '0xb25c0ab7'}
2019-01-05 Saturday 15:13:54  INFO :  Receive Msg:{'head': 'control', 'file': ' / xxxx / xxxxx', 'stop': 0, 'chsum': '0x2f42a089'}
2019-01-05 Saturday 15:14:50  ERROR :  当前线程：1 处理音频时发生错误:Traceback (most recent call last):
  File "C:\Users\51198\AppData\Local\Programs\Python\Python36\lib\site-packages\torch\utils\data\dataloader.py", line 138, in _worker_loop
    samples = collate_fn([dataset[i] for i in batch_indices])
  File "C:\Users\51198\AppData\Local\Programs\Python\Python36\lib\site-packages\torch\utils\data\dataloader.py", line 138, in <listcomp>
    samples = collate_fn([dataset[i] for i in batch_indices])
  File "D:\GitRep\pyQt\algorithms\audio_classifier\pre_mel_loader.py", line 222, in __getitem__
    self.window_type, self.normalize, self.max_len)
  File "D:\GitRep\pyQt\algorithms\audio_classifier\pre_mel_loader.py", line 65, in logmeldelta_loader
    delta = librosa.feature.delta(logmel)
  File "C:\Users\51198\AppData\Local\Programs\Python\Python36\lib\site-packages\librosa\feature\utils.py", line 110, in delta
    "cannot exceed data.shape[axis]={}".format(width, data.shape[axis]))
librosa.util.exceptions.ParameterError: when mode='interp', width=9 cannot exceed data.shape[axis]=6


2019-01-05 Saturday 15:14:51  INFO :  所有文件处理完成。
2019-01-05 Saturday 15:14:51  INFO :  所有文件处理完成。
2019-01-05 Saturday 15:18:25  INFO :  user:admin login,Enter second dialog.
2019-01-05 Saturday 15:18:26  INFO :  Enter third dialog.
2019-01-05 Saturday 15:18:31  INFO :  IP：localhost网络通畅,0
2019-01-05 Saturday 15:18:31  INFO :  Reveived Request:{'head': 'cmd', 'file': 'D:\\Dataset\\Gunshot', 'func_ycsyjc': 0, 'func_yzfl': 0, 'func_swfl': 0, 'chsum': '0xf53b5ae7'}
2019-01-05 Saturday 15:18:31  INFO :  Send Reply:{'head': 'rec', 'file': 'D:\\Dataset\\Gunshot', 'network': 0, 'ready': 1, 'error': 200, 'chsum': '0x 9617d9a'}
2019-01-05 Saturday 15:18:31  INFO :  Send Report:{'head': 'report', 'file': 'D:\\Dataset\\Gunshot', 'file_num': 1, 'time': '00:00：00', 'chsum': '0xb25c0ab7'}
2019-01-05 Saturday 15:18:31  INFO :  Receive Msg:{'head': 'control', 'file': ' / xxxx / xxxxx', 'stop': 0, 'chsum': '0x2f42a089'}
2019-01-05 Saturday 15:22:12  INFO :  user:admin login,Enter second dialog.
2019-01-05 Saturday 15:22:14  INFO :  Enter third dialog.
2019-01-05 Saturday 15:22:35  INFO :  IP：localhost网络通畅,0
2019-01-05 Saturday 15:22:35  INFO :  Reveived Request:{'head': 'cmd', 'file': 'D:\\Dataset\\Gunshot', 'func_ycsyjc': 0, 'func_yzfl': 0, 'func_swfl': 0, 'chsum': '0xf53b5ae7'}
2019-01-05 Saturday 15:22:35  INFO :  Send Reply:{'head': 'rec', 'file': 'D:\\Dataset\\Gunshot', 'network': 0, 'ready': 1, 'error': 200, 'chsum': '0x 9617d9a'}
2019-01-05 Saturday 15:22:35  INFO :  Send Report:{'head': 'report', 'file': 'D:\\Dataset\\Gunshot', 'file_num': 1, 'time': '00:00：00', 'chsum': '0xb25c0ab7'}
2019-01-05 Saturday 15:22:35  INFO :  Receive Msg:{'head': 'control', 'file': ' / xxxx / xxxxx', 'stop': 0, 'chsum': '0x2f42a089'}
2019-01-05 Saturday 15:23:58  ERROR :  当前线程：2 处理音频时发生错误:CUDA out of memory. Tried to allocate 2.13 GiB (GPU 0; 6.00 GiB total capacity; 3.00 GiB already allocated; 1.62 GiB free; 24.18 MiB cached)

2019-01-05 Saturday 15:24:02  DEBUG :  发送平台信息包头:data, 当前处理的音频文件是:3-49.26-53.69.wav 
发送时刻(hhmmss):Sat Jan  5 15:24:02 2019, IP地址:localhost, 是否发送成功:1, 发送内容查询log,ycsy:{'timesteps': [], 'content': []}
,swfl:{'timesteps': ['20.123s,23.456s', '30.111s,35.222s', '36.000s,37.000s', '38.000s,40.000s'], 'content': ['id00001', 'id00003', 'id00001', 'id00002'], 'newid': ['id00003']}
,yzfl:{'timesteps': ['00.000s,11.111s', '11.111s,22.222s', '22.222s,33.333s'], 'content': ['mandarin', 'english', 'uygur']}
2019-01-05 Saturday 15:24:05  DEBUG :  发送平台信息包头:data, 当前处理的音频文件是:1-0.05-25.38.wav 
发送时刻(hhmmss):Sat Jan  5 15:24:05 2019, IP地址:localhost, 是否发送成功:1, 发送内容查询log,ycsy:{'timesteps': ['0.0s,2.0s', '20.0s,22.0s'], 'content': ['gun_shot', 'gun_shot']}
,swfl:{'timesteps': ['20.123s,23.456s', '30.111s,35.222s', '36.000s,37.000s', '38.000s,40.000s'], 'content': ['id00001', 'id00003', 'id00001', 'id00002'], 'newid': ['id00003']}
,yzfl:{'timesteps': ['00.000s,11.111s', '11.111s,22.222s', '22.222s,33.333s'], 'content': ['mandarin', 'english', 'uygur']}
2019-01-05 Saturday 15:24:41  DEBUG :  发送平台信息包头:data, 当前处理的音频文件是:4-55.59-59.07.wav 
发送时刻(hhmmss):Sat Jan  5 15:24:41 2019, IP地址:localhost, 是否发送成功:1, 发送内容查询log,ycsy:{'timesteps': ['0.0s,2.0s'], 'content': ['gun_shot']}
,swfl:{'timesteps': ['20.123s,23.456s', '30.111s,35.222s', '36.000s,37.000s', '38.000s,40.000s'], 'content': ['id00001', 'id00003', 'id00001', 'id00002'], 'newid': ['id00003']}
,yzfl:{'timesteps': ['00.000s,11.111s', '11.111s,22.222s', '22.222s,33.333s'], 'content': ['mandarin', 'english', 'uygur']}
2019-01-05 Saturday 15:24:42  DEBUG :  发送平台信息包头:data, 当前处理的音频文件是:5-60.36-65.66.wav 
发送时刻(hhmmss):Sat Jan  5 15:24:42 2019, IP地址:localhost, 是否发送成功:1, 发送内容查询log,ycsy:{'timesteps': [], 'content': []}
,swfl:{'timesteps': ['20.123s,23.456s', '30.111s,35.222s', '36.000s,37.000s', '38.000s,40.000s'], 'content': ['id00001', 'id00003', 'id00001', 'id00002'], 'newid': ['id00003']}
,yzfl:{'timesteps': ['00.000s,11.111s', '11.111s,22.222s', '22.222s,33.333s'], 'content': ['mandarin', 'english', 'uygur']}
2019-01-05 Saturday 15:25:17  DEBUG :  发送平台信息包头:data, 当前处理的音频文件是:6-68.87-234.82.wav 
发送时刻(hhmmss):Sat Jan  5 15:25:17 2019, IP地址:localhost, 是否发送成功:1, 发送内容查询log,ycsy:{'timesteps': ['6.0s,8.0s', '48.0s,50.0s', '118.0s,122.0s', '90.0s,98.0s', '102.0s,104.0s', '108.0s,110.0s', '128.0s,134.0s', '148.0s,150.0s', '154.0s,158.0s'], 'content': ['gun_shot', 'gun_shot', 'gun_shot', 'gun_shot', 'gun_shot', 'gun_shot', 'gun_shot', 'gun_shot', 'gun_shot']}
,swfl:{'timesteps': ['20.123s,23.456s', '30.111s,35.222s', '36.000s,37.000s', '38.000s,40.000s'], 'content': ['id00001', 'id00003', 'id00001', 'id00002'], 'newid': ['id00003']}
,yzfl:{'timesteps': ['00.000s,11.111s', '11.111s,22.222s', '22.222s,33.333s'], 'content': ['mandarin', 'english', 'uygur']}
2019-01-05 Saturday 15:25:19  DEBUG :  发送平台信息包头:data, 当前处理的音频文件是:8-696.72-723.25.wav 
发送时刻(hhmmss):Sat Jan  5 15:25:19 2019, IP地址:localhost, 是否发送成功:1, 发送内容查询log,ycsy:{'timesteps': ['12.0s,16.0s'], 'content': ['gun_shot']}
,swfl:{'timesteps': ['20.123s,23.456s', '30.111s,35.222s', '36.000s,37.000s', '38.000s,40.000s'], 'content': ['id00001', 'id00003', 'id00001', 'id00002'], 'newid': ['id00003']}
,yzfl:{'timesteps': ['00.000s,11.111s', '11.111s,22.222s', '22.222s,33.333s'], 'content': ['mandarin', 'english', 'uygur']}
2019-01-05 Saturday 15:26:25  DEBUG :  发送平台信息包头:data, 当前处理的音频文件是:7-236.82-693.86.wav 
发送时刻(hhmmss):Sat Jan  5 15:26:25 2019, IP地址:localhost, 是否发送成功:1, 发送内容查询log,ycsy:{'timesteps': ['8.0s,48.0s', '52.0s,60.0s', '64.0s,66.0s', '78.0s,92.0s', '178.0s,180.0s', '168.0s,170.0s', '174.0s,178.0s', '182.0s,184.0s', '216.0s,218.0s', '222.0s,224.0s', '246.0s,248.0s', '284.0s,288.0s', '354.0s,356.0s', '300.0s,302.0s', '316.0s,318.0s', '322.0s,326.0s', '334.0s,346.0s', '412.0s,424.0s', '398.0s,404.0s', '424.0s,426.0s', '430.0s,432.0s'], 'content': ['gun_shot', 'gun_shot', 'gun_shot', 'gun_shot', 'gun_shot', 'gun_shot', 'gun_shot', 'gun_shot', 'gun_shot', 'gun_shot', 'gun_shot', 'gun_shot', 'gun_shot', 'gun_shot', 'gun_shot', 'gun_shot', 'gun_shot', 'gun_shot', 'gun_shot', 'gun_shot', 'gun_shot']}
,swfl:{'timesteps': ['20.123s,23.456s', '30.111s,35.222s', '36.000s,37.000s', '38.000s,40.000s'], 'content': ['id00001', 'id00003', 'id00001', 'id00002'], 'newid': ['id00003']}
,yzfl:{'timesteps': ['00.000s,11.111s', '11.111s,22.222s', '22.222s,33.333s'], 'content': ['mandarin', 'english', 'uygur']}
2019-01-05 Saturday 15:26:47  DEBUG :  发送平台信息包头:data, 当前处理的音频文件是:10-1158.58-1387.21.wav 
发送时刻(hhmmss):Sat Jan  5 15:26:47 2019, IP地址:localhost, 是否发送成功:1, 发送内容查询log,ycsy:{'timesteps': ['150.0s,152.0s', '158.0s,160.0s', '164.0s,166.0s', '172.0s,174.0s'], 'content': ['gun_shot', 'gun_shot', 'gun_shot', 'gun_shot']}
,swfl:{'timesteps': ['20.123s,23.456s', '30.111s,35.222s', '36.000s,37.000s', '38.000s,40.000s'], 'content': ['id00001', 'id00003', 'id00001', 'id00002'], 'newid': ['id00003']}
,yzfl:{'timesteps': ['00.000s,11.111s', '11.111s,22.222s', '22.222s,33.333s'], 'content': ['mandarin', 'english', 'uygur']}
2019-01-05 Saturday 15:26:56  DEBUG :  发送平台信息包头:data, 当前处理的音频文件是:9-723.87-1155.16.wav 
发送时刻(hhmmss):Sat Jan  5 15:26:56 2019, IP地址:localhost, 是否发送成功:1, 发送内容查询log,ycsy:{'timesteps': ['78.0s,80.0s', '156.0s,176.0s', '182.0s,184.0s', '198.0s,200.0s', '260.0s,262.0s', '270.0s,272.0s', '358.0s,360.0s', '368.0s,370.0s', '374.0s,376.0s', '396.0s,398.0s', '404.0s,406.0s'], 'content': ['gun_shot', 'gun_shot', 'gun_shot', 'gun_shot', 'gun_shot', 'gun_shot', 'gun_shot', 'gun_shot', 'gun_shot', 'gun_shot', 'gun_shot']}
,swfl:{'timesteps': ['20.123s,23.456s', '30.111s,35.222s', '36.000s,37.000s', '38.000s,40.000s'], 'content': ['id00001', 'id00003', 'id00001', 'id00002'], 'newid': ['id00003']}
,yzfl:{'timesteps': ['00.000s,11.111s', '11.111s,22.222s', '22.222s,33.333s'], 'content': ['mandarin', 'english', 'uygur']}
2019-01-05 Saturday 15:27:04  DEBUG :  发送平台信息包头:data, 当前处理的音频文件是:11-1387.31-1390.56.wav 
发送时刻(hhmmss):Sat Jan  5 15:27:04 2019, IP地址:localhost, 是否发送成功:1, 发送内容查询log,ycsy:{'timesteps': ['0.0s,2.0s'], 'content': ['gun_shot']}
,swfl:{'timesteps': ['20.123s,23.456s', '30.111s,35.222s', '36.000s,37.000s', '38.000s,40.000s'], 'content': ['id00001', 'id00003', 'id00001', 'id00002'], 'newid': ['id00003']}
,yzfl:{'timesteps': ['00.000s,11.111s', '11.111s,22.222s', '22.222s,33.333s'], 'content': ['mandarin', 'english', 'uygur']}
2019-01-05 Saturday 15:27:26  DEBUG :  发送平台信息包头:data, 当前处理的音频文件是:13-1806.25-1815.63.wav 
发送时刻(hhmmss):Sat Jan  5 15:27:26 2019, IP地址:localhost, 是否发送成功:1, 发送内容查询log,ycsy:{'timesteps': [], 'content': []}
,swfl:{'timesteps': ['20.123s,23.456s', '30.111s,35.222s', '36.000s,37.000s', '38.000s,40.000s'], 'content': ['id00001', 'id00003', 'id00001', 'id00002'], 'newid': ['id00003']}
,yzfl:{'timesteps': ['00.000s,11.111s', '11.111s,22.222s', '22.222s,33.333s'], 'content': ['mandarin', 'english', 'uygur']}
2019-01-05 Saturday 15:27:49  DEBUG :  发送平台信息包头:data, 当前处理的音频文件是:14-1816.97-1844.89.wav 
发送时刻(hhmmss):Sat Jan  5 15:27:49 2019, IP地址:localhost, 是否发送成功:1, 发送内容查询log,ycsy:{'timesteps': ['10.0s,12.0s', '18.0s,20.0s'], 'content': ['gun_shot', 'gun_shot']}
,swfl:{'timesteps': ['20.123s,23.456s', '30.111s,35.222s', '36.000s,37.000s', '38.000s,40.000s'], 'content': ['id00001', 'id00003', 'id00001', 'id00002'], 'newid': ['id00003']}
,yzfl:{'timesteps': ['00.000s,11.111s', '11.111s,22.222s', '22.222s,33.333s'], 'content': ['mandarin', 'english', 'uygur']}
2019-01-05 Saturday 15:28:30  DEBUG :  发送平台信息包头:data, 当前处理的音频文件是:16-2581.34-2585.57.wav 
发送时刻(hhmmss):Sat Jan  5 15:28:30 2019, IP地址:localhost, 是否发送成功:1, 发送内容查询log,ycsy:{'timesteps': [], 'content': []}
,swfl:{'timesteps': ['20.123s,23.456s', '30.111s,35.222s', '36.000s,37.000s', '38.000s,40.000s'], 'content': ['id00001', 'id00003', 'id00001', 'id00002'], 'newid': ['id00003']}
,yzfl:{'timesteps': ['00.000s,11.111s', '11.111s,22.222s', '22.222s,33.333s'], 'content': ['mandarin', 'english', 'uygur']}
2019-01-05 Saturday 15:28:32  DEBUG :  发送平台信息包头:data, 当前处理的音频文件是:12-1390.81-1805.49.wav 
发送时刻(hhmmss):Sat Jan  5 15:28:32 2019, IP地址:localhost, 是否发送成功:1, 发送内容查询log,ycsy:{'timesteps': ['6.0s,8.0s', '30.0s,34.0s', '68.0s,74.0s', '114.0s,120.0s', '126.0s,128.0s', '132.0s,136.0s', '230.0s,236.0s', '244.0s,246.0s', '342.0s,348.0s', '388.0s,390.0s'], 'content': ['gun_shot', 'gun_shot', 'gun_shot', 'gun_shot', 'gun_shot', 'gun_shot', 'gun_shot', 'gun_shot', 'gun_shot', 'gun_shot']}
,swfl:{'timesteps': ['20.123s,23.456s', '30.111s,35.222s', '36.000s,37.000s', '38.000s,40.000s'], 'content': ['id00001', 'id00003', 'id00001', 'id00002'], 'newid': ['id00003']}
,yzfl:{'timesteps': ['00.000s,11.111s', '11.111s,22.222s', '22.222s,33.333s'], 'content': ['mandarin', 'english', 'uygur']}
2019-01-05 Saturday 15:30:12  ERROR :  当前线程：2 处理音频时发生错误:Traceback (most recent call last):
  File "C:\Users\51198\AppData\Local\Programs\Python\Python36\lib\site-packages\torch\utils\data\dataloader.py", line 138, in _worker_loop
    samples = collate_fn([dataset[i] for i in batch_indices])
  File "C:\Users\51198\AppData\Local\Programs\Python\Python36\lib\site-packages\torch\utils\data\dataloader.py", line 138, in <listcomp>
    samples = collate_fn([dataset[i] for i in batch_indices])
  File "D:\GitRep\pyQt\algorithms\audio_classifier\pre_mel_loader.py", line 222, in __getitem__
    self.window_type, self.normalize, self.max_len)
  File "D:\GitRep\pyQt\algorithms\audio_classifier\pre_mel_loader.py", line 65, in logmeldelta_loader
    delta = librosa.feature.delta(logmel)
  File "C:\Users\51198\AppData\Local\Programs\Python\Python36\lib\site-packages\librosa\feature\utils.py", line 110, in delta
    "cannot exceed data.shape[axis]={}".format(width, data.shape[axis]))
librosa.util.exceptions.ParameterError: when mode='interp', width=9 cannot exceed data.shape[axis]=3


2019-01-05 Saturday 15:35:56  ERROR :  当前线程：1 处理音频时发生错误:Traceback (most recent call last):
  File "C:\Users\51198\AppData\Local\Programs\Python\Python36\lib\site-packages\torch\utils\data\dataloader.py", line 138, in _worker_loop
    samples = collate_fn([dataset[i] for i in batch_indices])
  File "C:\Users\51198\AppData\Local\Programs\Python\Python36\lib\site-packages\torch\utils\data\dataloader.py", line 138, in <listcomp>
    samples = collate_fn([dataset[i] for i in batch_indices])
  File "D:\GitRep\pyQt\algorithms\audio_classifier\pre_mel_loader.py", line 222, in __getitem__
    self.window_type, self.normalize, self.max_len)
  File "D:\GitRep\pyQt\algorithms\audio_classifier\pre_mel_loader.py", line 65, in logmeldelta_loader
    delta = librosa.feature.delta(logmel)
  File "C:\Users\51198\AppData\Local\Programs\Python\Python36\lib\site-packages\librosa\feature\utils.py", line 110, in delta
    "cannot exceed data.shape[axis]={}".format(width, data.shape[axis]))
librosa.util.exceptions.ParameterError: when mode='interp', width=9 cannot exceed data.shape[axis]=2


2019-01-05 Saturday 15:47:22  INFO :  user:admin login,Enter second dialog.
2019-01-05 Saturday 15:47:23  INFO :  Enter third dialog.
2019-01-05 Saturday 15:47:27  INFO :  IP：localhost网络通畅,0
2019-01-05 Saturday 15:47:27  INFO :  Reveived Request:{'head': 'cmd', 'file': 'D:\\Dataset\\Gunshot', 'func_ycsyjc': 0, 'func_yzfl': 0, 'func_swfl': 0, 'chsum': '0xf53b5ae7'}
2019-01-05 Saturday 15:47:27  INFO :  Send Reply:{'head': 'rec', 'file': 'D:\\Dataset\\Gunshot', 'network': 0, 'ready': 1, 'error': 200, 'chsum': '0x 9617d9a'}
2019-01-05 Saturday 15:47:27  INFO :  Send Report:{'head': 'report', 'file': 'D:\\Dataset\\Gunshot', 'file_num': 0, 'time': '00:00：00', 'chsum': '0x292fe063'}
2019-01-05 Saturday 15:47:27  INFO :  Receive Msg:{'head': 'control', 'file': ' / xxxx / xxxxx', 'stop': 0, 'chsum': '0x2f42a089'}
2019-01-05 Saturday 15:47:33  INFO :  所有文件处理完成。
2019-01-05 Saturday 15:47:33  INFO :  所有文件处理完成。
2019-01-05 Saturday 15:47:33  INFO :  所有文件处理完成。
2019-01-05 Saturday 15:48:03  INFO :  user:admin login,Enter second dialog.
2019-01-05 Saturday 15:48:04  INFO :  Enter third dialog.
2019-01-05 Saturday 15:48:09  INFO :  IP：localhost网络通畅,0
2019-01-05 Saturday 15:48:10  INFO :  Reveived Request:{'head': 'cmd', 'file': 'D:\\Dataset\\Gunshot', 'func_ycsyjc': 0, 'func_yzfl': 0, 'func_swfl': 0, 'chsum': '0xf53b5ae7'}
2019-01-05 Saturday 15:48:10  INFO :  Send Reply:{'head': 'rec', 'file': 'D:\\Dataset\\Gunshot', 'network': 0, 'ready': 1, 'error': 200, 'chsum': '0x 9617d9a'}
2019-01-05 Saturday 15:48:10  INFO :  Send Report:{'head': 'report', 'file': 'D:\\Dataset\\Gunshot', 'file_num': 0, 'time': '00:00：00', 'chsum': '0x292fe063'}
2019-01-05 Saturday 15:48:10  INFO :  Receive Msg:{'head': 'control', 'file': ' / xxxx / xxxxx', 'stop': 0, 'chsum': '0x2f42a089'}
2019-01-05 Saturday 15:49:29  INFO :  user:admin login,Enter second dialog.
2019-01-05 Saturday 15:49:31  INFO :  Enter third dialog.
2019-01-05 Saturday 15:49:35  INFO :  IP：localhost网络通畅,0
2019-01-05 Saturday 15:49:35  INFO :  Reveived Request:{'head': 'cmd', 'file': 'D:\\Dataset\\Gunshot', 'func_ycsyjc': 0, 'func_yzfl': 0, 'func_swfl': 0, 'chsum': '0xf53b5ae7'}
2019-01-05 Saturday 15:49:36  INFO :  Send Reply:{'head': 'rec', 'file': 'D:\\Dataset\\Gunshot', 'network': 0, 'ready': 1, 'error': 200, 'chsum': '0x 9617d9a'}
2019-01-05 Saturday 15:49:36  INFO :  Send Report:{'head': 'report', 'file': 'D:\\Dataset\\Gunshot', 'file_num': 1, 'time': '00:00：00', 'chsum': '0xb25c0ab7'}
2019-01-05 Saturday 15:49:36  INFO :  Receive Msg:{'head': 'control', 'file': ' / xxxx / xxxxx', 'stop': 0, 'chsum': '0x2f42a089'}
2019-01-05 Saturday 15:53:49  INFO :  user:admin login,Enter second dialog.
2019-01-05 Saturday 15:53:51  INFO :  Enter third dialog.
2019-01-05 Saturday 15:53:59  INFO :  IP：localhost网络通畅,0
2019-01-05 Saturday 15:53:59  INFO :  Reveived Request:{'head': 'cmd', 'file': 'D:\\Dataset\\Gunshot', 'func_ycsyjc': 0, 'func_yzfl': 0, 'func_swfl': 0, 'chsum': '0xf53b5ae7'}
2019-01-05 Saturday 15:53:59  INFO :  Send Reply:{'head': 'rec', 'file': 'D:\\Dataset\\Gunshot', 'network': 0, 'ready': 1, 'error': 200, 'chsum': '0x 9617d9a'}
2019-01-05 Saturday 15:53:59  INFO :  Send Report:{'head': 'report', 'file': 'D:\\Dataset\\Gunshot', 'file_num': 1, 'time': '00:00：00', 'chsum': '0xb25c0ab7'}
2019-01-05 Saturday 15:53:59  INFO :  Receive Msg:{'head': 'control', 'file': ' / xxxx / xxxxx', 'stop': 0, 'chsum': '0x2f42a089'}
2019-01-05 Saturday 15:55:01  DEBUG :  INFO --发送平台信息包头:data, 当前处理的音频文件是:2-36.33-39.70.wav 
发送时刻(hhmmss):Sat Jan  5 15:55:01 2019, IP地址:localhost, 是否发送成功:1, 发送内容查询log,ycsy:{'timesteps': ['0.0s,2.0s'], 'content': ['gun_shot']}
,swfl:{'timesteps': ['20.123s,23.456s', '30.111s,35.222s', '36.000s,37.000s', '38.000s,40.000s'], 'content': ['id00001', 'id00003', 'id00001', 'id00002'], 'newid': ['id00003']}
,yzfl:{'timesteps': ['00.000s,11.111s', '11.111s,22.222s', '22.222s,33.333s'], 'content': ['mandarin', 'english', 'uygur']}
2019-01-05 Saturday 15:55:04  DEBUG :  INFO --发送平台信息包头:data, 当前处理的音频文件是:1-0.05-25.38.wav 
发送时刻(hhmmss):Sat Jan  5 15:55:04 2019, IP地址:localhost, 是否发送成功:1, 发送内容查询log,ycsy:{'timesteps': ['0.0s,2.0s', '20.0s,22.0s'], 'content': ['gun_shot', 'gun_shot']}
,swfl:{'timesteps': ['20.123s,23.456s', '30.111s,35.222s', '36.000s,37.000s', '38.000s,40.000s'], 'content': ['id00001', 'id00003', 'id00001', 'id00002'], 'newid': ['id00003']}
,yzfl:{'timesteps': ['00.000s,11.111s', '11.111s,22.222s', '22.222s,33.333s'], 'content': ['mandarin', 'english', 'uygur']}
2019-01-05 Saturday 15:55:08  DEBUG :  INFO --发送平台信息包头:data, 当前处理的音频文件是:3-49.26-53.69.wav 
发送时刻(hhmmss):Sat Jan  5 15:55:08 2019, IP地址:localhost, 是否发送成功:1, 发送内容查询log,ycsy:{'timesteps': [], 'content': []}
,swfl:{'timesteps': ['20.123s,23.456s', '30.111s,35.222s', '36.000s,37.000s', '38.000s,40.000s'], 'content': ['id00001', 'id00003', 'id00001', 'id00002'], 'newid': ['id00003']}
,yzfl:{'timesteps': ['00.000s,11.111s', '11.111s,22.222s', '22.222s,33.333s'], 'content': ['mandarin', 'english', 'uygur']}
2019-01-05 Saturday 15:57:50  INFO :  user:admin login,Enter second dialog.
2019-01-05 Saturday 15:58:10  INFO :  Enter third dialog.
2019-01-05 Saturday 15:58:14  INFO :  IP：localhost网络通畅,0
2019-01-05 Saturday 15:58:15  INFO :  Reveived Request:{'head': 'cmd', 'file': 'D:\\Dataset\\Gunshot', 'func_ycsyjc': 0, 'func_yzfl': 0, 'func_swfl': 0, 'chsum': '0xf53b5ae7'}
2019-01-05 Saturday 15:58:15  INFO :  Send Reply:{'head': 'rec', 'file': 'D:\\Dataset\\Gunshot', 'network': 0, 'ready': 1, 'error': 200, 'chsum': '0x 9617d9a'}
2019-01-05 Saturday 15:58:15  INFO :  Send Report:{'head': 'report', 'file': 'D:\\Dataset\\Gunshot', 'file_num': 1, 'time': '00:00：00', 'chsum': '0xb25c0ab7'}
2019-01-05 Saturday 15:58:15  INFO :  Receive Msg:{'head': 'control', 'file': ' / xxxx / xxxxx', 'stop': 0, 'chsum': '0x2f42a089'}
2019-01-05 Saturday 16:00:01  DEBUG :  INFO --发送平台信息包头:data, 当前处理的音频文件是:2-36.33-39.70.wav 
发送时刻(hhmmss):Sat Jan  5 16:00:01 2019, IP地址:localhost, 是否发送成功:1, 发送内容查询log,ycsy:{'timesteps': [], 'content': []}
,swfl:{'timesteps': ['20.123s,23.456s', '30.111s,35.222s', '36.000s,37.000s', '38.000s,40.000s'], 'content': ['id00001', 'id00003', 'id00001', 'id00002'], 'newid': ['id00003']}
,yzfl:{'timesteps': ['00.000s,11.111s', '11.111s,22.222s', '22.222s,33.333s'], 'content': ['mandarin', 'english', 'uygur']}
2019-01-05 Saturday 16:00:02  DEBUG :  INFO --发送平台信息包头:data, 当前处理的音频文件是:1-0.05-25.38.wav 
发送时刻(hhmmss):Sat Jan  5 16:00:02 2019, IP地址:localhost, 是否发送成功:1, 发送内容查询log,ycsy:{'timesteps': ['0.0s,2.0s', '20.0s,22.0s'], 'content': ['gun_shot', 'gun_shot']}
,swfl:{'timesteps': ['20.123s,23.456s', '30.111s,35.222s', '36.000s,37.000s', '38.000s,40.000s'], 'content': ['id00001', 'id00003', 'id00001', 'id00002'], 'newid': ['id00003']}
,yzfl:{'timesteps': ['00.000s,11.111s', '11.111s,22.222s', '22.222s,33.333s'], 'content': ['mandarin', 'english', 'uygur']}
2019-01-05 Saturday 16:00:09  DEBUG :  INFO --发送平台信息包头:data, 当前处理的音频文件是:3-49.26-53.69.wav 
发送时刻(hhmmss):Sat Jan  5 16:00:09 2019, IP地址:localhost, 是否发送成功:1, 发送内容查询log,ycsy:{'timesteps': [], 'content': []}
,swfl:{'timesteps': ['20.123s,23.456s', '30.111s,35.222s', '36.000s,37.000s', '38.000s,40.000s'], 'content': ['id00001', 'id00003', 'id00001', 'id00002'], 'newid': ['id00003']}
,yzfl:{'timesteps': ['00.000s,11.111s', '11.111s,22.222s', '22.222s,33.333s'], 'content': ['mandarin', 'english', 'uygur']}
2019-01-05 Saturday 16:00:34  DEBUG :  INFO --发送平台信息包头:data, 当前处理的音频文件是:4-55.59-59.07.wav 
发送时刻(hhmmss):Sat Jan  5 16:00:34 2019, IP地址:localhost, 是否发送成功:1, 发送内容查询log,ycsy:{'timesteps': ['0.0s,2.0s'], 'content': ['gun_shot']}
,swfl:{'timesteps': ['20.123s,23.456s', '30.111s,35.222s', '36.000s,37.000s', '38.000s,40.000s'], 'content': ['id00001', 'id00003', 'id00001', 'id00002'], 'newid': ['id00003']}
,yzfl:{'timesteps': ['00.000s,11.111s', '11.111s,22.222s', '22.222s,33.333s'], 'content': ['mandarin', 'english', 'uygur']}
2019-01-05 Saturday 16:00:44  DEBUG :  INFO --发送平台信息包头:data, 当前处理的音频文件是:5-60.36-65.66.wav 
发送时刻(hhmmss):Sat Jan  5 16:00:44 2019, IP地址:localhost, 是否发送成功:1, 发送内容查询log,ycsy:{'timesteps': [], 'content': []}
,swfl:{'timesteps': ['20.123s,23.456s', '30.111s,35.222s', '36.000s,37.000s', '38.000s,40.000s'], 'content': ['id00001', 'id00003', 'id00001', 'id00002'], 'newid': ['id00003']}
,yzfl:{'timesteps': ['00.000s,11.111s', '11.111s,22.222s', '22.222s,33.333s'], 'content': ['mandarin', 'english', 'uygur']}
2019-01-05 Saturday 16:01:19  DEBUG :  INFO --发送平台信息包头:data, 当前处理的音频文件是:6-68.87-234.82.wav 
发送时刻(hhmmss):Sat Jan  5 16:01:19 2019, IP地址:localhost, 是否发送成功:1, 发送内容查询log,ycsy:{'timesteps': ['6.0s,8.0s', '48.0s,50.0s', '118.0s,122.0s', '90.0s,98.0s', '102.0s,104.0s', '108.0s,110.0s', '128.0s,134.0s', '148.0s,150.0s', '154.0s,158.0s'], 'content': ['gun_shot', 'gun_shot', 'gun_shot', 'gun_shot', 'gun_shot', 'gun_shot', 'gun_shot', 'gun_shot', 'gun_shot']}
,swfl:{'timesteps': ['20.123s,23.456s', '30.111s,35.222s', '36.000s,37.000s', '38.000s,40.000s'], 'content': ['id00001', 'id00003', 'id00001', 'id00002'], 'newid': ['id00003']}
,yzfl:{'timesteps': ['00.000s,11.111s', '11.111s,22.222s', '22.222s,33.333s'], 'content': ['mandarin', 'english', 'uygur']}
2019-01-05 Saturday 16:01:28  DEBUG :  INFO --发送平台信息包头:data, 当前处理的音频文件是:8-696.72-723.25.wav 
发送时刻(hhmmss):Sat Jan  5 16:01:28 2019, IP地址:localhost, 是否发送成功:1, 发送内容查询log,ycsy:{'timesteps': ['12.0s,16.0s'], 'content': ['gun_shot']}
,swfl:{'timesteps': ['20.123s,23.456s', '30.111s,35.222s', '36.000s,37.000s', '38.000s,40.000s'], 'content': ['id00001', 'id00003', 'id00001', 'id00002'], 'newid': ['id00003']}
,yzfl:{'timesteps': ['00.000s,11.111s', '11.111s,22.222s', '22.222s,33.333s'], 'content': ['mandarin', 'english', 'uygur']}
2019-01-05 Saturday 16:02:07  DEBUG :  INFO --发送平台信息包头:data, 当前处理的音频文件是:7-236.82-693.86.wav 
发送时刻(hhmmss):Sat Jan  5 16:02:07 2019, IP地址:localhost, 是否发送成功:1, 发送内容查询log,ycsy:{'timesteps': ['8.0s,48.0s', '52.0s,60.0s', '64.0s,66.0s', '78.0s,92.0s', '178.0s,180.0s', '168.0s,170.0s', '174.0s,178.0s', '182.0s,184.0s', '216.0s,218.0s', '222.0s,224.0s', '246.0s,248.0s', '284.0s,288.0s', '354.0s,356.0s', '300.0s,302.0s', '316.0s,318.0s', '322.0s,326.0s', '334.0s,346.0s', '412.0s,424.0s', '398.0s,404.0s', '424.0s,426.0s', '430.0s,432.0s'], 'content': ['gun_shot', 'gun_shot', 'gun_shot', 'gun_shot', 'gun_shot', 'gun_shot', 'gun_shot', 'gun_shot', 'gun_shot', 'gun_shot', 'gun_shot', 'gun_shot', 'gun_shot', 'gun_shot', 'gun_shot', 'gun_shot', 'gun_shot', 'gun_shot', 'gun_shot', 'gun_shot', 'gun_shot']}
,swfl:{'timesteps': ['20.123s,23.456s', '30.111s,35.222s', '36.000s,37.000s', '38.000s,40.000s'], 'content': ['id00001', 'id00003', 'id00001', 'id00002'], 'newid': ['id00003']}
,yzfl:{'timesteps': ['00.000s,11.111s', '11.111s,22.222s', '22.222s,33.333s'], 'content': ['mandarin', 'english', 'uygur']}
2019-01-05 Saturday 16:02:40  DEBUG :  INFO --发送平台信息包头:data, 当前处理的音频文件是:11-1387.31-1390.56.wav 
发送时刻(hhmmss):Sat Jan  5 16:02:40 2019, IP地址:localhost, 是否发送成功:1, 发送内容查询log,ycsy:{'timesteps': [], 'content': []}
,swfl:{'timesteps': ['20.123s,23.456s', '30.111s,35.222s', '36.000s,37.000s', '38.000s,40.000s'], 'content': ['id00001', 'id00003', 'id00001', 'id00002'], 'newid': ['id00003']}
,yzfl:{'timesteps': ['00.000s,11.111s', '11.111s,22.222s', '22.222s,33.333s'], 'content': ['mandarin', 'english', 'uygur']}
2019-01-05 Saturday 16:02:48  DEBUG :  INFO --发送平台信息包头:data, 当前处理的音频文件是:10-1158.58-1387.21.wav 
发送时刻(hhmmss):Sat Jan  5 16:02:48 2019, IP地址:localhost, 是否发送成功:1, 发送内容查询log,ycsy:{'timesteps': ['150.0s,152.0s', '158.0s,160.0s', '164.0s,166.0s', '172.0s,174.0s'], 'content': ['gun_shot', 'gun_shot', 'gun_shot', 'gun_shot']}
,swfl:{'timesteps': ['20.123s,23.456s', '30.111s,35.222s', '36.000s,37.000s', '38.000s,40.000s'], 'content': ['id00001', 'id00003', 'id00001', 'id00002'], 'newid': ['id00003']}
,yzfl:{'timesteps': ['00.000s,11.111s', '11.111s,22.222s', '22.222s,33.333s'], 'content': ['mandarin', 'english', 'uygur']}
2019-01-05 Saturday 16:03:22  DEBUG :  INFO --发送平台信息包头:data, 当前处理的音频文件是:9-723.87-1155.16.wav 
发送时刻(hhmmss):Sat Jan  5 16:03:22 2019, IP地址:localhost, 是否发送成功:1, 发送内容查询log,ycsy:{'timesteps': ['78.0s,80.0s', '156.0s,176.0s', '182.0s,184.0s', '198.0s,200.0s', '260.0s,262.0s', '270.0s,272.0s', '358.0s,360.0s', '368.0s,370.0s', '374.0s,376.0s', '396.0s,398.0s', '404.0s,406.0s', '420.0s,422.0s'], 'content': ['gun_shot', 'gun_shot', 'gun_shot', 'gun_shot', 'gun_shot', 'gun_shot', 'gun_shot', 'gun_shot', 'gun_shot', 'gun_shot', 'gun_shot', 'gun_shot']}
,swfl:{'timesteps': ['20.123s,23.456s', '30.111s,35.222s', '36.000s,37.000s', '38.000s,40.000s'], 'content': ['id00001', 'id00003', 'id00001', 'id00002'], 'newid': ['id00003']}
,yzfl:{'timesteps': ['00.000s,11.111s', '11.111s,22.222s', '22.222s,33.333s'], 'content': ['mandarin', 'english', 'uygur']}
2019-01-05 Saturday 16:03:33  DEBUG :  INFO --发送平台信息包头:data, 当前处理的音频文件是:13-1806.25-1815.63.wav 
发送时刻(hhmmss):Sat Jan  5 16:03:33 2019, IP地址:localhost, 是否发送成功:1, 发送内容查询log,ycsy:{'timesteps': [], 'content': []}
,swfl:{'timesteps': ['20.123s,23.456s', '30.111s,35.222s', '36.000s,37.000s', '38.000s,40.000s'], 'content': ['id00001', 'id00003', 'id00001', 'id00002'], 'newid': ['id00003']}
,yzfl:{'timesteps': ['00.000s,11.111s', '11.111s,22.222s', '22.222s,33.333s'], 'content': ['mandarin', 'english', 'uygur']}
2019-01-05 Saturday 16:04:21  DEBUG :  INFO --发送平台信息包头:data, 当前处理的音频文件是:12-1390.81-1805.49.wav 
发送时刻(hhmmss):Sat Jan  5 16:04:21 2019, IP地址:localhost, 是否发送成功:1, 发送内容查询log,ycsy:{'timesteps': ['6.0s,8.0s', '30.0s,34.0s', '68.0s,74.0s', '114.0s,120.0s', '126.0s,128.0s', '132.0s,136.0s', '230.0s,236.0s', '244.0s,246.0s', '342.0s,348.0s', '388.0s,390.0s'], 'content': ['gun_shot', 'gun_shot', 'gun_shot', 'gun_shot', 'gun_shot', 'gun_shot', 'gun_shot', 'gun_shot', 'gun_shot', 'gun_shot']}
,swfl:{'timesteps': ['20.123s,23.456s', '30.111s,35.222s', '36.000s,37.000s', '38.000s,40.000s'], 'content': ['id00001', 'id00003', 'id00001', 'id00002'], 'newid': ['id00003']}
,yzfl:{'timesteps': ['00.000s,11.111s', '11.111s,22.222s', '22.222s,33.333s'], 'content': ['mandarin', 'english', 'uygur']}
2019-01-05 Saturday 16:04:22  DEBUG :  INFO --发送平台信息包头:data, 当前处理的音频文件是:14-1816.97-1844.89.wav 
发送时刻(hhmmss):Sat Jan  5 16:04:22 2019, IP地址:localhost, 是否发送成功:1, 发送内容查询log,ycsy:{'timesteps': ['10.0s,12.0s', '18.0s,20.0s'], 'content': ['gun_shot', 'gun_shot']}
,swfl:{'timesteps': ['20.123s,23.456s', '30.111s,35.222s', '36.000s,37.000s', '38.000s,40.000s'], 'content': ['id00001', 'id00003', 'id00001', 'id00002'], 'newid': ['id00003']}
,yzfl:{'timesteps': ['00.000s,11.111s', '11.111s,22.222s', '22.222s,33.333s'], 'content': ['mandarin', 'english', 'uygur']}
2019-01-05 Saturday 16:04:55  DEBUG :  INFO --发送平台信息包头:data, 当前处理的音频文件是:16-2581.34-2585.57.wav 
发送时刻(hhmmss):Sat Jan  5 16:04:55 2019, IP地址:localhost, 是否发送成功:1, 发送内容查询log,ycsy:{'timesteps': [], 'content': []}
,swfl:{'timesteps': ['20.123s,23.456s', '30.111s,35.222s', '36.000s,37.000s', '38.000s,40.000s'], 'content': ['id00001', 'id00003', 'id00001', 'id00002'], 'newid': ['id00003']}
,yzfl:{'timesteps': ['00.000s,11.111s', '11.111s,22.222s', '22.222s,33.333s'], 'content': ['mandarin', 'english', 'uygur']}
2019-01-05 Saturday 16:05:22  DEBUG :  INFO --发送平台信息包头:data, 当前处理的音频文件是:17-2586.02-2599.70.wav 
发送时刻(hhmmss):Sat Jan  5 16:05:22 2019, IP地址:localhost, 是否发送成功:1, 发送内容查询log,ycsy:{'timesteps': [], 'content': []}
,swfl:{'timesteps': ['20.123s,23.456s', '30.111s,35.222s', '36.000s,37.000s', '38.000s,40.000s'], 'content': ['id00001', 'id00003', 'id00001', 'id00002'], 'newid': ['id00003']}
,yzfl:{'timesteps': ['00.000s,11.111s', '11.111s,22.222s', '22.222s,33.333s'], 'content': ['mandarin', 'english', 'uygur']}
2019-01-05 Saturday 16:06:07  DEBUG :  INFO --发送平台信息包头:data, 当前处理的音频文件是:15-1844.98-2580.00.wav 
发送时刻(hhmmss):Sat Jan  5 16:06:07 2019, IP地址:localhost, 是否发送成功:1, 发送内容查询log,ycsy:{'timesteps': ['2.0s,4.0s', '42.0s,44.0s', '60.0s,62.0s', '72.0s,74.0s', '80.0s,86.0s', '94.0s,96.0s', '144.0s,146.0s', '154.0s,160.0s', '164.0s,176.0s', '182.0s,184.0s', '202.0s,204.0s', '248.0s,250.0s', '304.0s,308.0s', '312.0s,314.0s', '326.0s,332.0s', '340.0s,342.0s', '348.0s,358.0s', '378.0s,380.0s', '474.0s,480.0s', '434.0s,436.0s', '530.0s,544.0s', '492.0s,494.0s', '506.0s,508.0s', '516.0s,524.0s', '544.0s,546.0s', '550.0s,552.0s', '564.0s,566.0s', '570.0s,572.0s', '648.0s,650.0s', '656.0s,664.0s', '610.0s,612.0s', '622.0s,624.0s', '708.0s,710.0s', '688.0s,690.0s', '766.0s,770.0s'], 'content': ['gun_shot', 'gun_shot', 'gun_shot', 'gun_shot', 'speaking', 'speaking', 'gun_shot', 'gun_shot', 'gun_shot', 'gun_shot', 'gun_shot', 'gun_shot', 'gun_shot', 'gun_shot', 'gun_shot', 'gun_shot', 'gun_shot', 'gun_shot', 'gun_shot', 'gun_shot', 'gun_shot', 'gun_shot', 'gun_shot', 'gun_shot', 'gun_shot', 'gun_shot', 'gun_shot', 'gun_shot', 'gun_shot', 'gun_shot', 'gun_shot', 'gun_shot', 'gun_shot', 'gun_shot', 'gun_shot']}
,swfl:{'timesteps': ['20.123s,23.456s', '30.111s,35.222s', '36.000s,37.000s', '38.000s,40.000s'], 'content': ['id00001', 'id00003', 'id00001', 'id00002'], 'newid': ['id00003']}
,yzfl:{'timesteps': ['00.000s,11.111s', '11.111s,22.222s', '22.222s,33.333s'], 'content': ['mandarin', 'english', 'uygur']}
2019-01-05 Saturday 16:06:31  ERROR :  当前线程：3 处理音频时发生错误:Traceback (most recent call last):
  File "C:\Users\51198\AppData\Local\Programs\Python\Python36\lib\site-packages\torch\utils\data\dataloader.py", line 138, in _worker_loop
    samples = collate_fn([dataset[i] for i in batch_indices])
  File "C:\Users\51198\AppData\Local\Programs\Python\Python36\lib\site-packages\torch\utils\data\dataloader.py", line 138, in <listcomp>
    samples = collate_fn([dataset[i] for i in batch_indices])
  File "D:\GitRep\pyQt\algorithms\audio_classifier\pre_mel_loader.py", line 222, in __getitem__
    self.window_type, self.normalize, self.max_len)
  File "D:\GitRep\pyQt\algorithms\audio_classifier\pre_mel_loader.py", line 65, in logmeldelta_loader
    delta = librosa.feature.delta(logmel)
  File "C:\Users\51198\AppData\Local\Programs\Python\Python36\lib\site-packages\librosa\feature\utils.py", line 110, in delta
    "cannot exceed data.shape[axis]={}".format(width, data.shape[axis]))
librosa.util.exceptions.ParameterError: when mode='interp', width=9 cannot exceed data.shape[axis]=3


2019-01-05 Saturday 16:06:49  DEBUG :  INFO --发送平台信息包头:data, 当前处理的音频文件是:20-5102.05-5113.79.wav 
发送时刻(hhmmss):Sat Jan  5 16:06:49 2019, IP地址:localhost, 是否发送成功:1, 发送内容查询log,ycsy:{'timesteps': ['6.0s,8.0s'], 'content': ['gun_shot']}
,swfl:{'timesteps': ['20.123s,23.456s', '30.111s,35.222s', '36.000s,37.000s', '38.000s,40.000s'], 'content': ['id00001', 'id00003', 'id00001', 'id00002'], 'newid': ['id00003']}
,yzfl:{'timesteps': ['00.000s,11.111s', '11.111s,22.222s', '22.222s,33.333s'], 'content': ['mandarin', 'english', 'uygur']}
2019-01-05 Saturday 16:07:49  DEBUG :  INFO --发送平台信息包头:data, 当前处理的音频文件是:21-5114.67-5264.31.wav 
发送时刻(hhmmss):Sat Jan  5 16:07:49 2019, IP地址:localhost, 是否发送成功:1, 发送内容查询log,ycsy:{'timesteps': ['26.0s,28.0s', '128.0s,130.0s', '134.0s,136.0s', '144.0s,146.0s'], 'content': ['gun_shot', 'gun_shot', 'gun_shot', 'gun_shot']}
,swfl:{'timesteps': ['20.123s,23.456s', '30.111s,35.222s', '36.000s,37.000s', '38.000s,40.000s'], 'content': ['id00001', 'id00003', 'id00001', 'id00002'], 'newid': ['id00003']}
,yzfl:{'timesteps': ['00.000s,11.111s', '11.111s,22.222s', '22.222s,33.333s'], 'content': ['mandarin', 'english', 'uygur']}
2019-01-05 Saturday 16:13:09  ERROR :  当前线程：2 处理音频时发生错误:Traceback (most recent call last):
  File "C:\Users\51198\AppData\Local\Programs\Python\Python36\lib\site-packages\torch\utils\data\dataloader.py", line 138, in _worker_loop
    samples = collate_fn([dataset[i] for i in batch_indices])
  File "C:\Users\51198\AppData\Local\Programs\Python\Python36\lib\site-packages\torch\utils\data\dataloader.py", line 138, in <listcomp>
    samples = collate_fn([dataset[i] for i in batch_indices])
  File "D:\GitRep\pyQt\algorithms\audio_classifier\pre_mel_loader.py", line 222, in __getitem__
    self.window_type, self.normalize, self.max_len)
  File "D:\GitRep\pyQt\algorithms\audio_classifier\pre_mel_loader.py", line 65, in logmeldelta_loader
    delta = librosa.feature.delta(logmel)
  File "C:\Users\51198\AppData\Local\Programs\Python\Python36\lib\site-packages\librosa\feature\utils.py", line 110, in delta
    "cannot exceed data.shape[axis]={}".format(width, data.shape[axis]))
librosa.util.exceptions.ParameterError: when mode='interp', width=9 cannot exceed data.shape[axis]=2


2019-01-05 Saturday 16:41:51  INFO :  user:admin login,Enter second dialog.
2019-01-05 Saturday 16:41:53  INFO :  Enter third dialog.
2019-01-05 Saturday 16:41:58  INFO :  IP：localhost网络通畅,0
2019-01-05 Saturday 16:41:59  INFO :  Reveived Request:{'head': 'cmd', 'file': 'D:\\Dataset\\Gunshot', 'func_ycsyjc': 0, 'func_yzfl': 0, 'func_swfl': 0, 'chsum': '0xf53b5ae7'}
2019-01-05 Saturday 16:41:59  INFO :  Send Reply:{'head': 'rec', 'file': 'D:\\Dataset\\Gunshot', 'network': 0, 'ready': 1, 'error': 200, 'chsum': '0x 9617d9a'}
2019-01-05 Saturday 16:41:59  INFO :  Send Report:{'head': 'report', 'file': 'D:\\Dataset\\Gunshot', 'file_num': 2, 'time': '00:00：00', 'chsum': '0xc4b9338a'}
2019-01-05 Saturday 16:41:59  INFO :  Receive Msg:{'head': 'control', 'file': ' / xxxx / xxxxx', 'stop': 0, 'chsum': '0x2f42a089'}
2019-01-05 Saturday 16:48:07  DEBUG :  INFO --发送平台信息包头:data, 当前处理的音频文件是:1-0.83-29.56.wav 
发送时刻(hhmmss):Sat Jan  5 16:48:07 2019, IP地址:localhost, 是否发送成功:1, 发送内容查询log,ycsy:{'timesteps': ['0.0s,26.0s'], 'content': ['gun_shot']}
,swfl:{'timesteps': ['20.123s,23.456s', '30.111s,35.222s', '36.000s,37.000s', '38.000s,40.000s'], 'content': ['id00001', 'id00003', 'id00001', 'id00002'], 'newid': ['id00003']}
,yzfl:{'timesteps': ['00.000s,11.111s', '11.111s,22.222s', '22.222s,33.333s'], 'content': ['mandarin', 'english', 'uygur']}
2019-01-05 Saturday 16:48:45  DEBUG :  INFO --发送平台信息包头:data, 当前处理的音频文件是:1-0.02-27.62.wav 
发送时刻(hhmmss):Sat Jan  5 16:48:45 2019, IP地址:localhost, 是否发送成功:1, 发送内容查询log,ycsy:{'timesteps': ['0.0s,24.0s'], 'content': ['gun_shot']}
,swfl:{'timesteps': ['20.123s,23.456s', '30.111s,35.222s', '36.000s,37.000s', '38.000s,40.000s'], 'content': ['id00001', 'id00003', 'id00001', 'id00002'], 'newid': ['id00003']}
,yzfl:{'timesteps': ['00.000s,11.111s', '11.111s,22.222s', '22.222s,33.333s'], 'content': ['mandarin', 'english', 'uygur']}
2019-01-05 Saturday 16:48:46  INFO :  所有文件处理完成。
2019-01-05 Saturday 16:52:26  INFO :  user:admin login,Enter second dialog.
2019-01-05 Saturday 16:52:28  INFO :  Enter third dialog.
2019-01-05 Saturday 16:52:33  INFO :  IP：localhost网络通畅,0
2019-01-05 Saturday 16:52:33  INFO :  Reveived Request:{'head': 'cmd', 'file': 'D:\\Dataset\\Gunshot', 'func_ycsyjc': 0, 'func_yzfl': 0, 'func_swfl': 0, 'chsum': '0xf53b5ae7'}
2019-01-05 Saturday 16:52:33  INFO :  Send Reply:{'head': 'rec', 'file': 'D:\\Dataset\\Gunshot', 'network': 0, 'ready': 1, 'error': 200, 'chsum': '0x 9617d9a'}
2019-01-05 Saturday 16:52:33  INFO :  Send Report:{'head': 'report', 'file': 'D:\\Dataset\\Gunshot', 'file_num': 1, 'time': '00:00：00', 'chsum': '0xb25c0ab7'}
2019-01-05 Saturday 16:52:33  INFO :  Receive Msg:{'head': 'control', 'file': ' / xxxx / xxxxx', 'stop': 0, 'chsum': '0x2f42a089'}
2019-01-05 Saturday 17:00:41  ERROR :  当前线程：3 处理音频时发生错误:Traceback (most recent call last):
  File "C:\Users\51198\AppData\Local\Programs\Python\Python36\lib\site-packages\torch\utils\data\dataloader.py", line 138, in _worker_loop
    samples = collate_fn([dataset[i] for i in batch_indices])
  File "C:\Users\51198\AppData\Local\Programs\Python\Python36\lib\site-packages\torch\utils\data\dataloader.py", line 138, in <listcomp>
    samples = collate_fn([dataset[i] for i in batch_indices])
  File "D:\GitRep\pyQt\algorithms\audio_classifier\pre_mel_loader.py", line 222, in __getitem__
    self.window_type, self.normalize, self.max_len)
  File "D:\GitRep\pyQt\algorithms\audio_classifier\pre_mel_loader.py", line 65, in logmeldelta_loader
    delta = librosa.feature.delta(logmel)
  File "C:\Users\51198\AppData\Local\Programs\Python\Python36\lib\site-packages\librosa\feature\utils.py", line 110, in delta
    "cannot exceed data.shape[axis]={}".format(width, data.shape[axis]))
librosa.util.exceptions.ParameterError: when mode='interp', width=9 cannot exceed data.shape[axis]=3


2019-01-05 Saturday 17:41:03  INFO :  user:admin login,Enter second dialog.
2019-01-05 Saturday 17:41:05  INFO :  Enter third dialog.
2019-01-05 Saturday 17:41:09  INFO :  IP：localhost网络通畅,0
2019-01-05 Saturday 17:41:09  INFO :  Reveived Request:{'head': 'cmd', 'file': 'D:\\Dataset\\Gunshot', 'func_ycsyjc': 0, 'func_yzfl': 0, 'func_swfl': 0, 'chsum': '0xf53b5ae7'}
2019-01-05 Saturday 17:41:09  INFO :  Send Reply:{'head': 'rec', 'file': 'D:\\Dataset\\Gunshot', 'network': 0, 'ready': 1, 'error': 200, 'chsum': '0x 9617d9a'}
2019-01-05 Saturday 17:41:09  INFO :  Send Report:{'head': 'report', 'file': 'D:\\Dataset\\Gunshot', 'file_num': 2, 'time': '00:00：00', 'chsum': '0xc4b9338a'}
2019-01-05 Saturday 17:41:09  INFO :  Receive Msg:{'head': 'control', 'file': ' / xxxx / xxxxx', 'stop': 0, 'chsum': '0x2f42a089'}
2019-01-05 Saturday 17:42:32  DEBUG :  INFO --发送平台信息包头:data, 当前处理的音频文件是:1-0.83-29.56.wav 
发送时刻(hhmmss):Sat Jan  5 17:42:04 2019, IP地址:localhost, 是否发送成功:1, 发送内容查询log,ycsy:{'timesteps': ['0.0s,26.0s'], 'content': ['gun_shot']}
,swfl:{'timesteps': ['20.123s,23.456s', '30.111s,35.222s', '36.000s,37.000s', '38.000s,40.000s'], 'content': ['id00001', 'id00003', 'id00001', 'id00002'], 'newid': ['id00003']}
,yzfl:{'timesteps': ['00.000s,11.111s', '11.111s,22.222s', '22.222s,33.333s'], 'content': ['mandarin', 'english', 'uygur']}
2019-01-05 Saturday 17:43:08  DEBUG :  INFO --发送平台信息包头:data, 当前处理的音频文件是:1-0.02-27.62.wav 
发送时刻(hhmmss):Sat Jan  5 17:43:08 2019, IP地址:localhost, 是否发送成功:1, 发送内容查询log,ycsy:{'timesteps': ['0.0s,24.0s'], 'content': ['gun_shot']}
,swfl:{'timesteps': ['20.123s,23.456s', '30.111s,35.222s', '36.000s,37.000s', '38.000s,40.000s'], 'content': ['id00001', 'id00003', 'id00001', 'id00002'], 'newid': ['id00003']}
,yzfl:{'timesteps': ['00.000s,11.111s', '11.111s,22.222s', '22.222s,33.333s'], 'content': ['mandarin', 'english', 'uygur']}
2019-01-05 Saturday 17:43:11  INFO :  所有文件处理完成。
2019-01-05 Saturday 17:46:29  INFO :  user:admin login,Enter second dialog.
2019-01-05 Saturday 17:46:31  INFO :  Enter third dialog.
2019-01-05 Saturday 17:46:35  INFO :  IP：localhost网络通畅,0
2019-01-05 Saturday 17:46:35  INFO :  Reveived Request:{'head': 'cmd', 'file': 'D:\\Dataset\\Gunshot', 'func_ycsyjc': 0, 'func_yzfl': 0, 'func_swfl': 0, 'chsum': '0xf53b5ae7'}
2019-01-05 Saturday 17:46:35  INFO :  Send Reply:{'head': 'rec', 'file': 'D:\\Dataset\\Gunshot', 'network': 0, 'ready': 1, 'error': 200, 'chsum': '0x 9617d9a'}
2019-01-05 Saturday 17:46:35  INFO :  Send Report:{'head': 'report', 'file': 'D:\\Dataset\\Gunshot', 'file_num': 0, 'time': '00:00：00', 'chsum': '0x292fe063'}
2019-01-05 Saturday 17:46:35  INFO :  Receive Msg:{'head': 'control', 'file': ' / xxxx / xxxxx', 'stop': 0, 'chsum': '0x2f42a089'}
2019-01-05 Saturday 17:48:12  INFO :  user:admin login,Enter second dialog.
2019-01-05 Saturday 17:48:14  INFO :  Enter third dialog.
2019-01-05 Saturday 17:48:19  INFO :  IP：localhost网络通畅,0
2019-01-05 Saturday 17:48:19  INFO :  Reveived Request:{'head': 'cmd', 'file': 'D:\\Dataset\\Gunshot', 'func_ycsyjc': 0, 'func_yzfl': 0, 'func_swfl': 0, 'chsum': '0xf53b5ae7'}
2019-01-05 Saturday 17:48:19  INFO :  Send Reply:{'head': 'rec', 'file': 'D:\\Dataset\\Gunshot', 'network': 0, 'ready': 1, 'error': 200, 'chsum': '0x 9617d9a'}
2019-01-05 Saturday 17:49:25  INFO :  user:admin login,Enter second dialog.
2019-01-05 Saturday 17:49:26  INFO :  Enter third dialog.
2019-01-05 Saturday 17:49:30  INFO :  IP：localhost网络通畅,0
2019-01-05 Saturday 17:49:30  INFO :  Reveived Request:{'head': 'cmd', 'file': 'D:\\Dataset\\Gunshot', 'func_ycsyjc': 0, 'func_yzfl': 0, 'func_swfl': 0, 'chsum': '0xf53b5ae7'}
2019-01-05 Saturday 17:49:30  INFO :  Send Reply:{'head': 'rec', 'file': 'D:\\Dataset\\Gunshot', 'network': 0, 'ready': 1, 'error': 200, 'chsum': '0x 9617d9a'}
2019-01-05 Saturday 17:57:12  INFO :  user:admin login,Enter second dialog.
2019-01-05 Saturday 17:57:13  INFO :  Enter third dialog.
2019-01-05 Saturday 17:57:17  INFO :  IP：localhost网络通畅,0
2019-01-05 Saturday 17:57:17  INFO :  Reveived Request:{'head': 'cmd', 'file': 'D:\\Dataset\\Gunshot', 'func_ycsyjc': 0, 'func_yzfl': 0, 'func_swfl': 0, 'chsum': '0xf53b5ae7'}
2019-01-05 Saturday 17:57:17  INFO :  Send Reply:{'head': 'rec', 'file': 'D:\\Dataset\\Gunshot', 'network': 0, 'ready': 1, 'error': 200, 'chsum': '0x 9617d9a'}
2019-01-05 Saturday 17:57:17  INFO :  Send Report:{'head': 'report', 'file': 'D:\\Dataset\\Gunshot', 'file_num': 0, 'time': '00:00：00', 'chsum': '0x292fe063'}
2019-01-05 Saturday 17:57:17  INFO :  Receive Msg:{'head': 'control', 'file': ' / xxxx / xxxxx', 'stop': 0, 'chsum': '0x2f42a089'}
2019-01-05 Saturday 17:58:09  INFO :  user:admin login,Enter second dialog.
2019-01-05 Saturday 17:58:11  INFO :  Enter third dialog.
2019-01-05 Saturday 17:58:15  INFO :  IP：localhost网络通畅,0
2019-01-05 Saturday 17:58:15  INFO :  Reveived Request:{'head': 'cmd', 'file': 'D:\\Dataset\\Gunshot', 'func_ycsyjc': 0, 'func_yzfl': 0, 'func_swfl': 0, 'chsum': '0xf53b5ae7'}
2019-01-05 Saturday 17:58:15  INFO :  Send Reply:{'head': 'rec', 'file': 'D:\\Dataset\\Gunshot', 'network': 0, 'ready': 1, 'error': 200, 'chsum': '0x 9617d9a'}
2019-01-05 Saturday 17:58:31  INFO :  Send Report:{'head': 'report', 'file': 'D:\\Dataset\\Gunshot', 'file_num': 2, 'time': '00:00：00', 'chsum': '0xc4b9338a'}
2019-01-05 Saturday 17:58:31  INFO :  Receive Msg:{'head': 'control', 'file': ' / xxxx / xxxxx', 'stop': 0, 'chsum': '0x2f42a089'}
2019-01-05 Saturday 17:59:33  DEBUG :  INFO --发送平台信息包头:data, 当前处理的音频文件是:1-0.00-27.60.wav 
发送时刻(hhmmss):Sat Jan  5 17:59:28 2019, IP地址:localhost, 是否发送成功:1, 发送内容查询log,ycsy:{'timesteps': ['0.0s,26.0s'], 'content': ['gun_shot']}
,swfl:{'timesteps': ['20.123s,23.456s', '30.111s,35.222s', '36.000s,37.000s', '38.000s,40.000s'], 'content': ['id00001', 'id00003', 'id00001', 'id00002'], 'newid': ['id00003']}
,yzfl:{'timesteps': ['00.000s,11.111s', '11.111s,22.222s', '22.222s,33.333s'], 'content': ['mandarin', 'english', 'uygur']}
2019-01-05 Saturday 18:00:44  DEBUG :  INFO --发送平台信息包头:data, 当前处理的音频文件是:1-0.00-28.73.wav 
发送时刻(hhmmss):Sat Jan  5 18:00:07 2019, IP地址:localhost, 是否发送成功:1, 发送内容查询log,ycsy:{'timesteps': ['0.0s,26.0s'], 'content': ['gun_shot']}
,swfl:{'timesteps': ['20.123s,23.456s', '30.111s,35.222s', '36.000s,37.000s', '38.000s,40.000s'], 'content': ['id00001', 'id00003', 'id00001', 'id00002'], 'newid': ['id00003']}
,yzfl:{'timesteps': ['00.000s,11.111s', '11.111s,22.222s', '22.222s,33.333s'], 'content': ['mandarin', 'english', 'uygur']}
2019-01-05 Saturday 18:00:54  INFO :  所有文件处理完成。
2019-01-05 Saturday 18:08:29  INFO :  user:admin login,Enter second dialog.
2019-01-05 Saturday 18:08:30  INFO :  Enter third dialog.
2019-01-05 Saturday 18:08:34  INFO :  IP：localhost网络通畅,0
2019-01-05 Saturday 18:08:35  INFO :  Reveived Request:{'head': 'cmd', 'file': 'D:\\Dataset\\Gunshot', 'func_ycsyjc': 0, 'func_yzfl': 0, 'func_swfl': 0, 'chsum': '0xf53b5ae7'}
2019-01-05 Saturday 18:08:35  INFO :  Send Reply:{'head': 'rec', 'file': 'D:\\Dataset\\Gunshot', 'network': 0, 'ready': 1, 'error': 200, 'chsum': '0x 9617d9a'}
2019-01-05 Saturday 18:08:35  INFO :  Send Report:{'head': 'report', 'file': 'D:\\Dataset\\Gunshot', 'file_num': 22, 'time': '00:00：00', 'chsum': '0x580797a6'}
2019-01-05 Saturday 18:08:35  INFO :  Receive Msg:{'head': 'control', 'file': ' / xxxx / xxxxx', 'stop': 0, 'chsum': '0x2f42a089'}
2019-01-05 Saturday 18:09:15  INFO :  user:admin login,Enter second dialog.
2019-01-05 Saturday 18:09:16  INFO :  Enter third dialog.
2019-01-05 Saturday 18:09:20  INFO :  IP：localhost网络通畅,0
2019-01-05 Saturday 18:09:20  INFO :  Reveived Request:{'head': 'cmd', 'file': 'D:\\Dataset\\Gunshot', 'func_ycsyjc': 0, 'func_yzfl': 0, 'func_swfl': 0, 'chsum': '0xf53b5ae7'}
2019-01-05 Saturday 18:09:20  INFO :  Send Reply:{'head': 'rec', 'file': 'D:\\Dataset\\Gunshot', 'network': 0, 'ready': 1, 'error': 200, 'chsum': '0x 9617d9a'}
2019-01-05 Saturday 18:09:20  INFO :  Send Report:{'head': 'report', 'file': 'D:\\Dataset\\Gunshot', 'file_num': 22, 'time': '00:00：00', 'chsum': '0x580797a6'}
2019-01-05 Saturday 18:09:20  INFO :  Receive Msg:{'head': 'control', 'file': ' / xxxx / xxxxx', 'stop': 0, 'chsum': '0x2f42a089'}
2019-01-05 Saturday 18:10:47  DEBUG :  INFO --发送平台信息包头:data, 当前处理的音频文件是:1-0.00-19.22.wav 
发送时刻(hhmmss):Sat Jan  5 18:10:47 2019, IP地址:localhost, 是否发送成功:1, 发送内容查询log,ycsy:{'timesteps': ['0.0s,16.0s'], 'content': ['gun_shot']}
,swfl:{'timesteps': ['20.123s,23.456s', '30.111s,35.222s', '36.000s,37.000s', '38.000s,40.000s'], 'content': ['id00001', 'id00003', 'id00001', 'id00002'], 'newid': ['id00003']}
,yzfl:{'timesteps': ['00.000s,11.111s', '11.111s,22.222s', '22.222s,33.333s'], 'content': ['mandarin', 'english', 'uygur']}
2019-01-05 Saturday 18:10:48  DEBUG :  INFO --发送平台信息包头:data, 当前处理的音频文件是:1-0.02-24.12.wav 
发送时刻(hhmmss):Sat Jan  5 18:10:48 2019, IP地址:localhost, 是否发送成功:1, 发送内容查询log,ycsy:{'timesteps': ['2.0s,20.0s'], 'content': ['gun_shot']}
,swfl:{'timesteps': ['20.123s,23.456s', '30.111s,35.222s', '36.000s,37.000s', '38.000s,40.000s'], 'content': ['id00001', 'id00003', 'id00001', 'id00002'], 'newid': ['id00003']}
,yzfl:{'timesteps': ['00.000s,11.111s', '11.111s,22.222s', '22.222s,33.333s'], 'content': ['mandarin', 'english', 'uygur']}
2019-01-05 Saturday 18:10:50  DEBUG :  INFO --发送平台信息包头:data, 当前处理的音频文件是:1-0.00-1.00.wav 
发送时刻(hhmmss):Sat Jan  5 18:10:50 2019, IP地址:localhost, 是否发送成功:1, 发送内容查询log,ycsy:{'timesteps': ['0.0s,2.0s'], 'content': ['gun_shot']}
,swfl:{'timesteps': ['20.123s,23.456s', '30.111s,35.222s', '36.000s,37.000s', '38.000s,40.000s'], 'content': ['id00001', 'id00003', 'id00001', 'id00002'], 'newid': ['id00003']}
,yzfl:{'timesteps': ['00.000s,11.111s', '11.111s,22.222s', '22.222s,33.333s'], 'content': ['mandarin', 'english', 'uygur']}
2019-01-05 Saturday 18:11:15  ERROR :  当前线程：2 处理音频时发生错误:[Errno 2] No such file or directory: 'D:\\Dataset\\Gunshot\\1-0.00-27.60.wav'

2019-01-05 Saturday 18:11:18  ERROR :  当前线程：1 处理音频时发生错误:Traceback (most recent call last):
  File "C:\Users\51198\AppData\Local\Programs\Python\Python36\lib\site-packages\torch\utils\data\dataloader.py", line 138, in _worker_loop
    samples = collate_fn([dataset[i] for i in batch_indices])
  File "C:\Users\51198\AppData\Local\Programs\Python\Python36\lib\site-packages\torch\utils\data\dataloader.py", line 138, in <listcomp>
    samples = collate_fn([dataset[i] for i in batch_indices])
  File "D:\GitRep\pyQt\algorithms\audio_classifier\pre_mel_loader.py", line 222, in __getitem__
    self.window_type, self.normalize, self.max_len)
  File "D:\GitRep\pyQt\algorithms\audio_classifier\pre_mel_loader.py", line 65, in logmeldelta_loader
    delta = librosa.feature.delta(logmel)
  File "C:\Users\51198\AppData\Local\Programs\Python\Python36\lib\site-packages\librosa\feature\utils.py", line 110, in delta
    "cannot exceed data.shape[axis]={}".format(width, data.shape[axis]))
librosa.util.exceptions.ParameterError: when mode='interp', width=9 cannot exceed data.shape[axis]=3


2019-01-05 Saturday 18:11:41  ERROR :  当前线程：2 处理音频时发生错误:[Errno 2] No such file or directory: 'D:\\Dataset\\Gunshot\\1-0.00-28.73.wav'

2019-01-05 Saturday 18:11:41  DEBUG :  INFO --发送平台信息包头:data, 当前处理的音频文件是:1-0.13-7.74.wav 
发送时刻(hhmmss):Sat Jan  5 18:11:41 2019, IP地址:localhost, 是否发送成功:1, 发送内容查询log,ycsy:{'timesteps': ['0.0s,6.0s'], 'content': ['gun_shot']}
,swfl:{'timesteps': ['20.123s,23.456s', '30.111s,35.222s', '36.000s,37.000s', '38.000s,40.000s'], 'content': ['id00001', 'id00003', 'id00001', 'id00002'], 'newid': ['id00003']}
,yzfl:{'timesteps': ['00.000s,11.111s', '11.111s,22.222s', '22.222s,33.333s'], 'content': ['mandarin', 'english', 'uygur']}
2019-01-05 Saturday 18:11:49  DEBUG :  INFO --发送平台信息包头:data, 当前处理的音频文件是:1-0.00-1.18.wav 
发送时刻(hhmmss):Sat Jan  5 18:11:49 2019, IP地址:localhost, 是否发送成功:1, 发送内容查询log,ycsy:{'timesteps': ['0.0s,2.0s'], 'content': ['gun_shot']}
,swfl:{'timesteps': ['20.123s,23.456s', '30.111s,35.222s', '36.000s,37.000s', '38.000s,40.000s'], 'content': ['id00001', 'id00003', 'id00001', 'id00002'], 'newid': ['id00003']}
,yzfl:{'timesteps': ['00.000s,11.111s', '11.111s,22.222s', '22.222s,33.333s'], 'content': ['mandarin', 'english', 'uygur']}
2019-01-05 Saturday 18:12:20  ERROR :  当前线程：1 处理音频时发生错误:Traceback (most recent call last):
  File "C:\Users\51198\AppData\Local\Programs\Python\Python36\lib\site-packages\torch\utils\data\dataloader.py", line 138, in _worker_loop
    samples = collate_fn([dataset[i] for i in batch_indices])
  File "C:\Users\51198\AppData\Local\Programs\Python\Python36\lib\site-packages\torch\utils\data\dataloader.py", line 138, in <listcomp>
    samples = collate_fn([dataset[i] for i in batch_indices])
  File "D:\GitRep\pyQt\algorithms\audio_classifier\pre_mel_loader.py", line 222, in __getitem__
    self.window_type, self.normalize, self.max_len)
  File "D:\GitRep\pyQt\algorithms\audio_classifier\pre_mel_loader.py", line 65, in logmeldelta_loader
    delta = librosa.feature.delta(logmel)
  File "C:\Users\51198\AppData\Local\Programs\Python\Python36\lib\site-packages\librosa\feature\utils.py", line 110, in delta
    "cannot exceed data.shape[axis]={}".format(width, data.shape[axis]))
librosa.util.exceptions.ParameterError: when mode='interp', width=9 cannot exceed data.shape[axis]=5


2019-01-05 Saturday 18:12:22  DEBUG :  INFO --发送平台信息包头:data, 当前处理的音频文件是:1-0.02-1.54.wav 
发送时刻(hhmmss):Sat Jan  5 18:12:22 2019, IP地址:localhost, 是否发送成功:1, 发送内容查询log,ycsy:{'timesteps': ['0.0s,2.0s'], 'content': ['gun_shot']}
,swfl:{'timesteps': ['20.123s,23.456s', '30.111s,35.222s', '36.000s,37.000s', '38.000s,40.000s'], 'content': ['id00001', 'id00003', 'id00001', 'id00002'], 'newid': ['id00003']}
,yzfl:{'timesteps': ['00.000s,11.111s', '11.111s,22.222s', '22.222s,33.333s'], 'content': ['mandarin', 'english', 'uygur']}
2019-01-05 Saturday 18:12:29  DEBUG :  INFO --发送平台信息包头:data, 当前处理的音频文件是:1-0.03-1.86.wav 
发送时刻(hhmmss):Sat Jan  5 18:12:29 2019, IP地址:localhost, 是否发送成功:1, 发送内容查询log,ycsy:{'timesteps': ['0.0s,2.0s'], 'content': ['gun_shot']}
,swfl:{'timesteps': ['20.123s,23.456s', '30.111s,35.222s', '36.000s,37.000s', '38.000s,40.000s'], 'content': ['id00001', 'id00003', 'id00001', 'id00002'], 'newid': ['id00003']}
,yzfl:{'timesteps': ['00.000s,11.111s', '11.111s,22.222s', '22.222s,33.333s'], 'content': ['mandarin', 'english', 'uygur']}
2019-01-05 Saturday 18:12:50  DEBUG :  INFO --发送平台信息包头:data, 当前处理的音频文件是:1-0.16-3.44.wav 
发送时刻(hhmmss):Sat Jan  5 18:12:50 2019, IP地址:localhost, 是否发送成功:1, 发送内容查询log,ycsy:{'timesteps': [], 'content': []}
,swfl:{'timesteps': ['20.123s,23.456s', '30.111s,35.222s', '36.000s,37.000s', '38.000s,40.000s'], 'content': ['id00001', 'id00003', 'id00001', 'id00002'], 'newid': ['id00003']}
,yzfl:{'timesteps': ['00.000s,11.111s', '11.111s,22.222s', '22.222s,33.333s'], 'content': ['mandarin', 'english', 'uygur']}
2019-01-05 Saturday 18:13:00  DEBUG :  INFO --发送平台信息包头:data, 当前处理的音频文件是:1-0.00-1.60.wav 
发送时刻(hhmmss):Sat Jan  5 18:13:00 2019, IP地址:localhost, 是否发送成功:1, 发送内容查询log,ycsy:{'timesteps': ['0.0s,2.0s'], 'content': ['gun_shot']}
,swfl:{'timesteps': ['20.123s,23.456s', '30.111s,35.222s', '36.000s,37.000s', '38.000s,40.000s'], 'content': ['id00001', 'id00003', 'id00001', 'id00002'], 'newid': ['id00003']}
,yzfl:{'timesteps': ['00.000s,11.111s', '11.111s,22.222s', '22.222s,33.333s'], 'content': ['mandarin', 'english', 'uygur']}
2019-01-05 Saturday 18:13:20  DEBUG :  INFO --发送平台信息包头:data, 当前处理的音频文件是:1-0.13-3.58.wav 
发送时刻(hhmmss):Sat Jan  5 18:13:20 2019, IP地址:localhost, 是否发送成功:1, 发送内容查询log,ycsy:{'timesteps': ['0.0s,2.0s'], 'content': ['gun_shot']}
,swfl:{'timesteps': ['20.123s,23.456s', '30.111s,35.222s', '36.000s,37.000s', '38.000s,40.000s'], 'content': ['id00001', 'id00003', 'id00001', 'id00002'], 'newid': ['id00003']}
,yzfl:{'timesteps': ['00.000s,11.111s', '11.111s,22.222s', '22.222s,33.333s'], 'content': ['mandarin', 'english', 'uygur']}
2019-01-05 Saturday 18:13:22  DEBUG :  INFO --发送平台信息包头:data, 当前处理的音频文件是:1-0.00-0.40.wav 
发送时刻(hhmmss):Sat Jan  5 18:13:22 2019, IP地址:localhost, 是否发送成功:1, 发送内容查询log,ycsy:{'timesteps': [], 'content': []}
,swfl:{'timesteps': ['20.123s,23.456s', '30.111s,35.222s', '36.000s,37.000s', '38.000s,40.000s'], 'content': ['id00001', 'id00003', 'id00001', 'id00002'], 'newid': ['id00003']}
,yzfl:{'timesteps': ['00.000s,11.111s', '11.111s,22.222s', '22.222s,33.333s'], 'content': ['mandarin', 'english', 'uygur']}
2019-01-05 Saturday 18:13:39  DEBUG :  INFO --发送平台信息包头:data, 当前处理的音频文件是:1-0.00-0.48.wav 
发送时刻(hhmmss):Sat Jan  5 18:13:39 2019, IP地址:localhost, 是否发送成功:1, 发送内容查询log,ycsy:{'timesteps': [], 'content': []}
,swfl:{'timesteps': ['20.123s,23.456s', '30.111s,35.222s', '36.000s,37.000s', '38.000s,40.000s'], 'content': ['id00001', 'id00003', 'id00001', 'id00002'], 'newid': ['id00003']}
,yzfl:{'timesteps': ['00.000s,11.111s', '11.111s,22.222s', '22.222s,33.333s'], 'content': ['mandarin', 'english', 'uygur']}
2019-01-05 Saturday 18:13:50  DEBUG :  INFO --发送平台信息包头:data, 当前处理的音频文件是:1-0.00-1.40.wav 
发送时刻(hhmmss):Sat Jan  5 18:13:50 2019, IP地址:localhost, 是否发送成功:1, 发送内容查询log,ycsy:{'timesteps': ['0.0s,2.0s'], 'content': ['gun_shot']}
,swfl:{'timesteps': ['20.123s,23.456s', '30.111s,35.222s', '36.000s,37.000s', '38.000s,40.000s'], 'content': ['id00001', 'id00003', 'id00001', 'id00002'], 'newid': ['id00003']}
,yzfl:{'timesteps': ['00.000s,11.111s', '11.111s,22.222s', '22.222s,33.333s'], 'content': ['mandarin', 'english', 'uygur']}
2019-01-05 Saturday 18:14:10  DEBUG :  INFO --发送平台信息包头:data, 当前处理的音频文件是:1-0.02-0.96.wav 
发送时刻(hhmmss):Sat Jan  5 18:14:10 2019, IP地址:localhost, 是否发送成功:1, 发送内容查询log,ycsy:{'timesteps': [], 'content': []}
,swfl:{'timesteps': ['20.123s,23.456s', '30.111s,35.222s', '36.000s,37.000s', '38.000s,40.000s'], 'content': ['id00001', 'id00003', 'id00001', 'id00002'], 'newid': ['id00003']}
,yzfl:{'timesteps': ['00.000s,11.111s', '11.111s,22.222s', '22.222s,33.333s'], 'content': ['mandarin', 'english', 'uygur']}
2019-01-05 Saturday 18:14:22  DEBUG :  INFO --发送平台信息包头:data, 当前处理的音频文件是:1-0.10-1.00.wav 
发送时刻(hhmmss):Sat Jan  5 18:14:22 2019, IP地址:localhost, 是否发送成功:1, 发送内容查询log,ycsy:{'timesteps': ['0.0s,2.0s'], 'content': ['gun_shot']}
,swfl:{'timesteps': ['20.123s,23.456s', '30.111s,35.222s', '36.000s,37.000s', '38.000s,40.000s'], 'content': ['id00001', 'id00003', 'id00001', 'id00002'], 'newid': ['id00003']}
,yzfl:{'timesteps': ['00.000s,11.111s', '11.111s,22.222s', '22.222s,33.333s'], 'content': ['mandarin', 'english', 'uygur']}
2019-01-05 Saturday 18:14:25  DEBUG :  INFO --发送平台信息包头:data, 当前处理的音频文件是:1-0.07-1.00.wav 
发送时刻(hhmmss):Sat Jan  5 18:14:25 2019, IP地址:localhost, 是否发送成功:1, 发送内容查询log,ycsy:{'timesteps': [], 'content': []}
,swfl:{'timesteps': ['20.123s,23.456s', '30.111s,35.222s', '36.000s,37.000s', '38.000s,40.000s'], 'content': ['id00001', 'id00003', 'id00001', 'id00002'], 'newid': ['id00003']}
,yzfl:{'timesteps': ['00.000s,11.111s', '11.111s,22.222s', '22.222s,33.333s'], 'content': ['mandarin', 'english', 'uygur']}
2019-01-05 Saturday 18:14:59  DEBUG :  INFO --发送平台信息包头:data, 当前处理的音频文件是:1-0.37-2.62.wav 
发送时刻(hhmmss):Sat Jan  5 18:14:59 2019, IP地址:localhost, 是否发送成功:1, 发送内容查询log,ycsy:{'timesteps': [], 'content': []}
,swfl:{'timesteps': ['20.123s,23.456s', '30.111s,35.222s', '36.000s,37.000s', '38.000s,40.000s'], 'content': ['id00001', 'id00003', 'id00001', 'id00002'], 'newid': ['id00003']}
,yzfl:{'timesteps': ['00.000s,11.111s', '11.111s,22.222s', '22.222s,33.333s'], 'content': ['mandarin', 'english', 'uygur']}
2019-01-05 Saturday 18:15:02  INFO :  所有文件处理完成。
2019-01-05 Saturday 18:15:02  INFO :  所有文件处理完成。
2019-01-05 Saturday 18:15:02  INFO :  所有文件处理完成。
2019-01-05 Saturday 19:05:56  INFO :  user:admin login,Enter second dialog.
2019-01-05 Saturday 19:05:58  INFO :  Enter third dialog.
2019-01-05 Saturday 19:06:03  INFO :  IP：localhost网络通畅,0
2019-01-05 Saturday 19:06:03  INFO :  Reveived Request:{'head': 'cmd', 'file': 'D:\\Dataset\\Gunshot', 'func_ycsyjc': 0, 'func_yzfl': 0, 'func_swfl': 0, 'chsum': '0xf53b5ae7'}
2019-01-05 Saturday 19:06:03  INFO :  Send Reply:{'head': 'rec', 'file': 'D:\\Dataset\\Gunshot', 'network': 0, 'ready': 1, 'error': 200, 'chsum': '0x 9617d9a'}
2019-01-05 Saturday 19:06:03  INFO :  Send Report:{'head': 'report', 'file': 'D:\\Dataset\\Gunshot', 'file_num': 19, 'time': '00:00：00', 'chsum': '0x76454495'}
2019-01-05 Saturday 19:06:03  INFO :  Receive Msg:{'head': 'control', 'file': ' / xxxx / xxxxx', 'stop': 0, 'chsum': '0x2f42a089'}
2019-01-05 Saturday 19:07:17  ERROR :  当前线程：1 处理音频D:\Dataset\Gunshot\1-0.00-1.00.wav时发生错误:[Errno 2] No such file or directory: 'D:\\Dataset\\Gunshot\\1-0.00-1.00.wav'

2019-01-05 Saturday 19:07:22  ERROR :  当前线程：2 处理音频D:\Dataset\Gunshot\1-0.00-0.40.wav时发生错误:[Errno 2] No such file or directory: 'D:\\Dataset\\Gunshot\\1-0.00-0.40.wav'

2019-01-05 Saturday 19:07:32  ERROR :  当前线程：1 处理音频D:\Dataset\Gunshot\1-0.00-1.18.wav时发生错误:[Errno 2] No such file or directory: 'D:\\Dataset\\Gunshot\\1-0.00-1.18.wav'

2019-01-05 Saturday 19:07:32  ERROR :  当前线程：3 处理音频D:\Dataset\Gunshot\1-0.00-0.48.wav时发生错误:[Errno 2] No such file or directory: 'D:\\Dataset\\Gunshot\\1-0.00-0.48.wav'

2019-01-05 Saturday 19:07:47  ERROR :  当前线程：2 处理音频D:\Dataset\Gunshot\1-0.00-1.60.wav时发生错误:[Errno 2] No such file or directory: 'D:\\Dataset\\Gunshot\\1-0.00-1.60.wav'

2019-01-05 Saturday 19:07:47  ERROR :  当前线程：1 处理音频D:\Dataset\Gunshot\1-0.00-1.40.wav时发生错误:[Errno 2] No such file or directory: 'D:\\Dataset\\Gunshot\\1-0.00-1.40.wav'

2019-01-05 Saturday 19:08:02  ERROR :  当前线程：1 处理音频D:\Dataset\Gunshot\1-0.00-2.04.wav时发生错误:[Errno 2] No such file or directory: 'D:\\Dataset\\Gunshot\\1-0.00-2.04.wav'

2019-01-05 Saturday 19:08:07  ERROR :  当前线程：3 处理音频D:\Dataset\Gunshot\1-0.00-4.02.wav时发生错误:[Errno 2] No such file or directory: 'D:\\Dataset\\Gunshot\\1-0.00-4.02.wav'

2019-01-05 Saturday 19:08:12  ERROR :  当前线程：2 处理音频D:\Dataset\Gunshot\1-0.00-19.22.wav时发生错误:[Errno 2] No such file or directory: 'D:\\Dataset\\Gunshot\\1-0.00-19.22.wav'

2019-01-05 Saturday 19:09:17  INFO :  user:admin login,Enter second dialog.
2019-01-05 Saturday 19:09:18  INFO :  Enter third dialog.
2019-01-05 Saturday 19:09:23  INFO :  IP：localhost网络通畅,0
2019-01-05 Saturday 19:09:23  INFO :  Reveived Request:{'head': 'cmd', 'file': 'D:\\Dataset\\Gunshot', 'func_ycsyjc': 0, 'func_yzfl': 0, 'func_swfl': 0, 'chsum': '0xf53b5ae7'}
2019-01-05 Saturday 19:09:23  INFO :  Send Reply:{'head': 'rec', 'file': 'D:\\Dataset\\Gunshot', 'network': 0, 'ready': 1, 'error': 200, 'chsum': '0x 9617d9a'}
2019-01-05 Saturday 19:09:23  INFO :  Send Report:{'head': 'report', 'file': 'D:\\Dataset\\Gunshot', 'file_num': 1, 'time': '00:00：00', 'chsum': '0xb25c0ab7'}
2019-01-05 Saturday 19:09:23  INFO :  Receive Msg:{'head': 'control', 'file': ' / xxxx / xxxxx', 'stop': 0, 'chsum': '0x2f42a089'}
2019-01-05 Saturday 19:10:40  DEBUG :  INFO --发送平台信息包头:data, 当前处理的音频文件是:2-36.33-39.70.wav 
发送时刻(hhmmss):Sat Jan  5 19:10:40 2019, IP地址:localhost, 是否发送成功:1, 发送内容查询log,ycsy:{'timesteps': [], 'content': []}
,swfl:{'timesteps': ['20.123s,23.456s', '30.111s,35.222s', '36.000s,37.000s', '38.000s,40.000s'], 'content': ['id00001', 'id00003', 'id00001', 'id00002'], 'newid': ['id00003']}
,yzfl:{'timesteps': ['00.000s,11.111s', '11.111s,22.222s', '22.222s,33.333s'], 'content': ['mandarin', 'english', 'uygur']}
2019-01-05 Saturday 19:10:42  DEBUG :  INFO --发送平台信息包头:data, 当前处理的音频文件是:1-0.05-25.38.wav 
发送时刻(hhmmss):Sat Jan  5 19:10:42 2019, IP地址:localhost, 是否发送成功:1, 发送内容查询log,ycsy:{'timesteps': ['0.0s,2.0s', '20.0s,22.0s'], 'content': ['gun_shot', 'gun_shot']}
,swfl:{'timesteps': ['20.123s,23.456s', '30.111s,35.222s', '36.000s,37.000s', '38.000s,40.000s'], 'content': ['id00001', 'id00003', 'id00001', 'id00002'], 'newid': ['id00003']}
,yzfl:{'timesteps': ['00.000s,11.111s', '11.111s,22.222s', '22.222s,33.333s'], 'content': ['mandarin', 'english', 'uygur']}
2019-01-05 Saturday 19:10:44  DEBUG :  INFO --发送平台信息包头:data, 当前处理的音频文件是:3-49.26-53.69.wav 
发送时刻(hhmmss):Sat Jan  5 19:10:44 2019, IP地址:localhost, 是否发送成功:1, 发送内容查询log,ycsy:{'timesteps': [], 'content': []}
,swfl:{'timesteps': ['20.123s,23.456s', '30.111s,35.222s', '36.000s,37.000s', '38.000s,40.000s'], 'content': ['id00001', 'id00003', 'id00001', 'id00002'], 'newid': ['id00003']}
,yzfl:{'timesteps': ['00.000s,11.111s', '11.111s,22.222s', '22.222s,33.333s'], 'content': ['mandarin', 'english', 'uygur']}
2019-01-05 Saturday 19:11:09  DEBUG :  INFO --发送平台信息包头:data, 当前处理的音频文件是:4-55.59-59.07.wav 
发送时刻(hhmmss):Sat Jan  5 19:11:09 2019, IP地址:localhost, 是否发送成功:1, 发送内容查询log,ycsy:{'timesteps': ['0.0s,2.0s'], 'content': ['gun_shot']}
,swfl:{'timesteps': ['20.123s,23.456s', '30.111s,35.222s', '36.000s,37.000s', '38.000s,40.000s'], 'content': ['id00001', 'id00003', 'id00001', 'id00002'], 'newid': ['id00003']}
,yzfl:{'timesteps': ['00.000s,11.111s', '11.111s,22.222s', '22.222s,33.333s'], 'content': ['mandarin', 'english', 'uygur']}
2019-01-05 Saturday 19:11:19  DEBUG :  INFO --发送平台信息包头:data, 当前处理的音频文件是:5-60.36-65.66.wav 
发送时刻(hhmmss):Sat Jan  5 19:11:19 2019, IP地址:localhost, 是否发送成功:1, 发送内容查询log,ycsy:{'timesteps': [], 'content': []}
,swfl:{'timesteps': ['20.123s,23.456s', '30.111s,35.222s', '36.000s,37.000s', '38.000s,40.000s'], 'content': ['id00001', 'id00003', 'id00001', 'id00002'], 'newid': ['id00003']}
,yzfl:{'timesteps': ['00.000s,11.111s', '11.111s,22.222s', '22.222s,33.333s'], 'content': ['mandarin', 'english', 'uygur']}
2019-01-05 Saturday 19:11:55  DEBUG :  INFO --发送平台信息包头:data, 当前处理的音频文件是:6-68.87-234.82.wav 
发送时刻(hhmmss):Sat Jan  5 19:11:55 2019, IP地址:localhost, 是否发送成功:1, 发送内容查询log,ycsy:{'timesteps': ['6.0s,8.0s', '48.0s,50.0s', '118.0s,122.0s', '90.0s,98.0s', '102.0s,104.0s', '108.0s,110.0s', '128.0s,134.0s', '148.0s,150.0s', '154.0s,158.0s'], 'content': ['gun_shot', 'gun_shot', 'gun_shot', 'gun_shot', 'gun_shot', 'gun_shot', 'gun_shot', 'gun_shot', 'gun_shot']}
,swfl:{'timesteps': ['20.123s,23.456s', '30.111s,35.222s', '36.000s,37.000s', '38.000s,40.000s'], 'content': ['id00001', 'id00003', 'id00001', 'id00002'], 'newid': ['id00003']}
,yzfl:{'timesteps': ['00.000s,11.111s', '11.111s,22.222s', '22.222s,33.333s'], 'content': ['mandarin', 'english', 'uygur']}
2019-01-05 Saturday 19:16:14  ERROR :  当前线程：2 处理音频D:\Dataset\Gunshot\19-4941.44-5101.46.wav时发生错误:Traceback (most recent call last):
  File "C:\Users\51198\AppData\Local\Programs\Python\Python36\lib\site-packages\torch\utils\data\dataloader.py", line 138, in _worker_loop
    samples = collate_fn([dataset[i] for i in batch_indices])
  File "C:\Users\51198\AppData\Local\Programs\Python\Python36\lib\site-packages\torch\utils\data\dataloader.py", line 138, in <listcomp>
    samples = collate_fn([dataset[i] for i in batch_indices])
  File "D:\GitRep\pyQt\algorithms\audio_classifier\pre_mel_loader.py", line 222, in __getitem__
    self.window_type, self.normalize, self.max_len)
  File "D:\GitRep\pyQt\algorithms\audio_classifier\pre_mel_loader.py", line 65, in logmeldelta_loader
    delta = librosa.feature.delta(logmel)
  File "C:\Users\51198\AppData\Local\Programs\Python\Python36\lib\site-packages\librosa\feature\utils.py", line 110, in delta
    "cannot exceed data.shape[axis]={}".format(width, data.shape[axis]))
librosa.util.exceptions.ParameterError: when mode='interp', width=9 cannot exceed data.shape[axis]=3


2019-01-05 Saturday 19:22:24  ERROR :  当前线程：2 处理音频D:\Dataset\Gunshot\32-7053.77-7067.78.wav时发生错误:Traceback (most recent call last):
  File "C:\Users\51198\AppData\Local\Programs\Python\Python36\lib\site-packages\torch\utils\data\dataloader.py", line 138, in _worker_loop
    samples = collate_fn([dataset[i] for i in batch_indices])
  File "C:\Users\51198\AppData\Local\Programs\Python\Python36\lib\site-packages\torch\utils\data\dataloader.py", line 138, in <listcomp>
    samples = collate_fn([dataset[i] for i in batch_indices])
  File "D:\GitRep\pyQt\algorithms\audio_classifier\pre_mel_loader.py", line 222, in __getitem__
    self.window_type, self.normalize, self.max_len)
  File "D:\GitRep\pyQt\algorithms\audio_classifier\pre_mel_loader.py", line 65, in logmeldelta_loader
    delta = librosa.feature.delta(logmel)
  File "C:\Users\51198\AppData\Local\Programs\Python\Python36\lib\site-packages\librosa\feature\utils.py", line 110, in delta
    "cannot exceed data.shape[axis]={}".format(width, data.shape[axis]))
librosa.util.exceptions.ParameterError: when mode='interp', width=9 cannot exceed data.shape[axis]=2


2019-01-05 Saturday 19:24:24  INFO :  所有文件处理完成。
2019-01-05 Saturday 19:24:24  INFO :  所有文件处理完成。
2019-01-05 Saturday 19:24:24  INFO :  所有文件处理完成。
2019-01-05 Saturday 19:30:45  INFO :  user:admin login,Enter second dialog.
2019-01-05 Saturday 19:30:46  INFO :  Enter third dialog.
2019-01-05 Saturday 19:30:51  INFO :  IP：localhost网络通畅,0
2019-01-05 Saturday 19:30:51  INFO :  Reveived Request:{'head': 'cmd', 'file': 'D:\\Dataset\\Gunshot', 'func_ycsyjc': 0, 'func_yzfl': 0, 'func_swfl': 0, 'chsum': '0xf53b5ae7'}
2019-01-05 Saturday 19:30:51  INFO :  Send Reply:{'head': 'rec', 'file': 'D:\\Dataset\\Gunshot', 'network': 0, 'ready': 1, 'error': 200, 'chsum': '0x 9617d9a'}
2019-01-05 Saturday 19:30:51  INFO :  Send Report:{'head': 'report', 'file': 'D:\\Dataset\\Gunshot', 'file_num': 30, 'time': '00:00：00', 'chsum': '0x34b42168'}
2019-01-05 Saturday 19:30:51  INFO :  Receive Msg:{'head': 'control', 'file': ' / xxxx / xxxxx', 'stop': 0, 'chsum': '0x2f42a089'}
2019-01-05 Saturday 19:32:44  ERROR :  当前线程：1 处理音频D:\Dataset\Gunshot\1-0.00-414.68.wav时发生错误:[Errno 32] Broken pipe

2019-01-05 Saturday 19:32:56  DEBUG :  INFO --发送平台信息包头:data, 当前处理的音频文件是:1-0.00-3.25.wav 
发送时刻(hhmmss):Sat Jan  5 19:32:49 2019, IP地址:localhost, 是否发送成功:1, 发送内容查询log,ycsy:{'timesteps': ['0.0s,2.0s'], 'content': ['gun_shot']}
,swfl:{'timesteps': ['20.123s,23.456s', '30.111s,35.222s', '36.000s,37.000s', '38.000s,40.000s'], 'content': ['id00001', 'id00003', 'id00001', 'id00002'], 'newid': ['id00003']}
,yzfl:{'timesteps': ['00.000s,11.111s', '11.111s,22.222s', '22.222s,33.333s'], 'content': ['mandarin', 'english', 'uygur']}
2019-01-05 Saturday 19:33:10  DEBUG :  INFO --发送平台信息包头:data, 当前处理的音频文件是:1-0.00-228.63.wav 
发送时刻(hhmmss):Sat Jan  5 19:33:08 2019, IP地址:localhost, 是否发送成功:1, 发送内容查询log,ycsy:{'timesteps': ['150.0s,152.0s', '158.0s,160.0s', '164.0s,166.0s', '172.0s,174.0s'], 'content': ['gun_shot', 'gun_shot', 'gun_shot', 'gun_shot']}
,swfl:{'timesteps': ['20.123s,23.456s', '30.111s,35.222s', '36.000s,37.000s', '38.000s,40.000s'], 'content': ['id00001', 'id00003', 'id00001', 'id00002'], 'newid': ['id00003']}
,yzfl:{'timesteps': ['00.000s,11.111s', '11.111s,22.222s', '22.222s,33.333s'], 'content': ['mandarin', 'english', 'uygur']}
2019-01-05 Saturday 19:33:25  DEBUG :  INFO --发送平台信息包头:data, 当前处理的音频文件是:1-0.00-27.92.wav 
发送时刻(hhmmss):Sat Jan  5 19:33:22 2019, IP地址:localhost, 是否发送成功:1, 发送内容查询log,ycsy:{'timesteps': ['10.0s,12.0s', '18.0s,20.0s'], 'content': ['gun_shot', 'gun_shot']}
,swfl:{'timesteps': ['20.123s,23.456s', '30.111s,35.222s', '36.000s,37.000s', '38.000s,40.000s'], 'content': ['id00001', 'id00003', 'id00001', 'id00002'], 'newid': ['id00003']}
,yzfl:{'timesteps': ['00.000s,11.111s', '11.111s,22.222s', '22.222s,33.333s'], 'content': ['mandarin', 'english', 'uygur']}
2019-01-05 Saturday 19:33:45  DEBUG :  INFO --发送平台信息包头:data, 当前处理的音频文件是:1-0.00-9.38.wav 
发送时刻(hhmmss):Sat Jan  5 19:33:43 2019, IP地址:localhost, 是否发送成功:1, 发送内容查询log,ycsy:{'timesteps': ['6.0s,8.0s'], 'content': ['gun_shot']}
,swfl:{'timesteps': ['20.123s,23.456s', '30.111s,35.222s', '36.000s,37.000s', '38.000s,40.000s'], 'content': ['id00001', 'id00003', 'id00001', 'id00002'], 'newid': ['id00003']}
,yzfl:{'timesteps': ['00.000s,11.111s', '11.111s,22.222s', '22.222s,33.333s'], 'content': ['mandarin', 'english', 'uygur']}
2019-01-05 Saturday 19:33:53  DEBUG :  INFO --发送平台信息包头:data, 当前处理的音频文件是:1-0.00-13.68.wav 
发送时刻(hhmmss):Sat Jan  5 19:33:53 2019, IP地址:localhost, 是否发送成功:1, 发送内容查询log,ycsy:{'timesteps': [], 'content': []}
,swfl:{'timesteps': ['20.123s,23.456s', '30.111s,35.222s', '36.000s,37.000s', '38.000s,40.000s'], 'content': ['id00001', 'id00003', 'id00001', 'id00002'], 'newid': ['id00003']}
,yzfl:{'timesteps': ['00.000s,11.111s', '11.111s,22.222s', '22.222s,33.333s'], 'content': ['mandarin', 'english', 'uygur']}
2019-01-05 Saturday 19:34:23  DEBUG :  INFO --发送平台信息包头:data, 当前处理的音频文件是:1-0.00-11.74.wav 
发送时刻(hhmmss):Sat Jan  5 19:34:23 2019, IP地址:localhost, 是否发送成功:1, 发送内容查询log,ycsy:{'timesteps': ['6.0s,10.0s'], 'content': ['gun_shot']}
,swfl:{'timesteps': ['20.123s,23.456s', '30.111s,35.222s', '36.000s,37.000s', '38.000s,40.000s'], 'content': ['id00001', 'id00003', 'id00001', 'id00002'], 'newid': ['id00003']}
,yzfl:{'timesteps': ['00.000s,11.111s', '11.111s,22.222s', '22.222s,33.333s'], 'content': ['mandarin', 'english', 'uygur']}
2019-01-05 Saturday 19:34:33  DEBUG :  INFO --发送平台信息包头:data, 当前处理的音频文件是:1-0.00-4.23.wav 
发送时刻(hhmmss):Sat Jan  5 19:34:33 2019, IP地址:localhost, 是否发送成功:1, 发送内容查询log,ycsy:{'timesteps': [], 'content': []}
,swfl:{'timesteps': ['20.123s,23.456s', '30.111s,35.222s', '36.000s,37.000s', '38.000s,40.000s'], 'content': ['id00001', 'id00003', 'id00001', 'id00002'], 'newid': ['id00003']}
,yzfl:{'timesteps': ['00.000s,11.111s', '11.111s,22.222s', '22.222s,33.333s'], 'content': ['mandarin', 'english', 'uygur']}
2019-01-05 Saturday 19:35:21  ERROR :  当前线程：1 处理音频D:\Dataset\Gunshot\1-0.00-160.02.wav时发生错误:Traceback (most recent call last):
  File "C:\Users\51198\AppData\Local\Programs\Python\Python36\lib\site-packages\torch\utils\data\dataloader.py", line 138, in _worker_loop
    samples = collate_fn([dataset[i] for i in batch_indices])
  File "C:\Users\51198\AppData\Local\Programs\Python\Python36\lib\site-packages\torch\utils\data\dataloader.py", line 138, in <listcomp>
    samples = collate_fn([dataset[i] for i in batch_indices])
  File "D:\GitRep\pyQt\algorithms\audio_classifier\pre_mel_loader.py", line 222, in __getitem__
    self.window_type, self.normalize, self.max_len)
  File "D:\GitRep\pyQt\algorithms\audio_classifier\pre_mel_loader.py", line 65, in logmeldelta_loader
    delta = librosa.feature.delta(logmel)
  File "C:\Users\51198\AppData\Local\Programs\Python\Python36\lib\site-packages\librosa\feature\utils.py", line 110, in delta
    "cannot exceed data.shape[axis]={}".format(width, data.shape[axis]))
librosa.util.exceptions.ParameterError: when mode='interp', width=9 cannot exceed data.shape[axis]=3


2019-01-05 Saturday 19:35:27  DEBUG :  INFO --发送平台信息包头:data, 当前处理的音频文件是:1-0.00-735.02.wav 
发送时刻(hhmmss):Sat Jan  5 19:35:27 2019, IP地址:localhost, 是否发送成功:1, 发送内容查询log,ycsy:{'timesteps': ['2.0s,4.0s', '42.0s,44.0s', '60.0s,62.0s', '72.0s,74.0s', '80.0s,86.0s', '94.0s,96.0s', '144.0s,146.0s', '154.0s,160.0s', '164.0s,176.0s', '182.0s,184.0s', '202.0s,204.0s', '248.0s,250.0s', '304.0s,308.0s', '312.0s,314.0s', '326.0s,332.0s', '340.0s,342.0s', '348.0s,358.0s', '378.0s,380.0s', '474.0s,480.0s', '434.0s,436.0s', '530.0s,544.0s', '492.0s,494.0s', '506.0s,508.0s', '516.0s,524.0s', '544.0s,546.0s', '550.0s,552.0s', '564.0s,566.0s', '570.0s,572.0s', '648.0s,650.0s', '656.0s,664.0s', '610.0s,612.0s', '622.0s,624.0s', '708.0s,710.0s', '688.0s,690.0s', '766.0s,770.0s'], 'content': ['gun_shot', 'gun_shot', 'gun_shot', 'gun_shot', 'speaking', 'speaking', 'gun_shot', 'gun_shot', 'gun_shot', 'gun_shot', 'gun_shot', 'gun_shot', 'gun_shot', 'gun_shot', 'gun_shot', 'gun_shot', 'gun_shot', 'gun_shot', 'gun_shot', 'gun_shot', 'gun_shot', 'gun_shot', 'gun_shot', 'gun_shot', 'gun_shot', 'gun_shot', 'gun_shot', 'gun_shot', 'gun_shot', 'gun_shot', 'gun_shot', 'gun_shot', 'gun_shot', 'gun_shot', 'gun_shot']}
,swfl:{'timesteps': ['20.123s,23.456s', '30.111s,35.222s', '36.000s,37.000s', '38.000s,40.000s'], 'content': ['id00001', 'id00003', 'id00001', 'id00002'], 'newid': ['id00003']}
,yzfl:{'timesteps': ['00.000s,11.111s', '11.111s,22.222s', '22.222s,33.333s'], 'content': ['mandarin', 'english', 'uygur']}
2019-01-05 Saturday 19:36:04  DEBUG :  INFO --发送平台信息包头:data, 当前处理的音频文件是:1-0.00-149.64.wav 
发送时刻(hhmmss):Sat Jan  5 19:36:04 2019, IP地址:localhost, 是否发送成功:1, 发送内容查询log,ycsy:{'timesteps': ['26.0s,28.0s', '128.0s,130.0s', '134.0s,136.0s', '144.0s,146.0s'], 'content': ['gun_shot', 'gun_shot', 'gun_shot', 'gun_shot']}
,swfl:{'timesteps': ['20.123s,23.456s', '30.111s,35.222s', '36.000s,37.000s', '38.000s,40.000s'], 'content': ['id00001', 'id00003', 'id00001', 'id00002'], 'newid': ['id00003']}
,yzfl:{'timesteps': ['00.000s,11.111s', '11.111s,22.222s', '22.222s,33.333s'], 'content': ['mandarin', 'english', 'uygur']}
2019-01-05 Saturday 19:36:08  DEBUG :  INFO --发送平台信息包头:data, 当前处理的音频文件是:1-0.00-40.76.wav 
发送时刻(hhmmss):Sat Jan  5 19:36:08 2019, IP地址:localhost, 是否发送成功:1, 发送内容查询log,ycsy:{'timesteps': ['10.0s,12.0s', '18.0s,20.0s'], 'content': ['gun_shot', 'gun_shot']}
,swfl:{'timesteps': ['20.123s,23.456s', '30.111s,35.222s', '36.000s,37.000s', '38.000s,40.000s'], 'content': ['id00001', 'id00003', 'id00001', 'id00002'], 'newid': ['id00003']}
,yzfl:{'timesteps': ['00.000s,11.111s', '11.111s,22.222s', '22.222s,33.333s'], 'content': ['mandarin', 'english', 'uygur']}
2019-01-05 Saturday 19:37:06  DEBUG :  INFO --发送平台信息包头:data, 当前处理的音频文件是:1-0.00-233.31.wav 
发送时刻(hhmmss):Sat Jan  5 19:37:06 2019, IP地址:localhost, 是否发送成功:1, 发送内容查询log,ycsy:{'timesteps': ['0.0s,2.0s', '32.0s,34.0s', '70.0s,72.0s', '130.0s,136.0s', '142.0s,144.0s', '156.0s,164.0s', '172.0s,186.0s', '192.0s,198.0s', '202.0s,204.0s', '210.0s,216.0s', '226.0s,228.0s'], 'content': ['gun_shot', 'gun_shot', 'gun_shot', 'gun_shot', 'gun_shot', 'gun_shot', 'gun_shot', 'gun_shot', 'gun_shot', 'gun_shot', 'gun_shot']}
,swfl:{'timesteps': ['20.123s,23.456s', '30.111s,35.222s', '36.000s,37.000s', '38.000s,40.000s'], 'content': ['id00001', 'id00003', 'id00001', 'id00002'], 'newid': ['id00003']}
,yzfl:{'timesteps': ['00.000s,11.111s', '11.111s,22.222s', '22.222s,33.333s'], 'content': ['mandarin', 'english', 'uygur']}
2019-01-05 Saturday 19:37:07  DEBUG :  INFO --发送平台信息包头:data, 当前处理的音频文件是:1-0.00-117.42.wav 
发送时刻(hhmmss):Sat Jan  5 19:37:07 2019, IP地址:localhost, 是否发送成功:1, 发送内容查询log,ycsy:{'timesteps': ['12.0s,14.0s', '22.0s,24.0s', '28.0s,30.0s', '36.0s,46.0s', '56.0s,60.0s', '82.0s,84.0s', '88.0s,90.0s', '96.0s,102.0s', '112.0s,114.0s'], 'content': ['gun_shot', 'gun_shot', 'gun_shot', 'gun_shot', 'gun_shot', 'gun_shot', 'gun_shot', 'gun_shot', 'gun_shot']}
,swfl:{'timesteps': ['20.123s,23.456s', '30.111s,35.222s', '36.000s,37.000s', '38.000s,40.000s'], 'content': ['id00001', 'id00003', 'id00001', 'id00002'], 'newid': ['id00003']}
,yzfl:{'timesteps': ['00.000s,11.111s', '11.111s,22.222s', '22.222s,33.333s'], 'content': ['mandarin', 'english', 'uygur']}
2019-01-05 Saturday 19:37:57  DEBUG :  INFO --发送平台信息包头:data, 当前处理的音频文件是:1-0.00-161.46.wav 
发送时刻(hhmmss):Sat Jan  5 19:37:57 2019, IP地址:localhost, 是否发送成功:1, 发送内容查询log,ycsy:{'timesteps': ['4.0s,10.0s', '18.0s,22.0s', '32.0s,34.0s', '40.0s,42.0s', '76.0s,100.0s', '152.0s,158.0s'], 'content': ['gun_shot', 'gun_shot', 'gun_shot', 'gun_shot', 'gun_shot', 'gun_shot']}
,swfl:{'timesteps': ['20.123s,23.456s', '30.111s,35.222s', '36.000s,37.000s', '38.000s,40.000s'], 'content': ['id00001', 'id00003', 'id00001', 'id00002'], 'newid': ['id00003']}
,yzfl:{'timesteps': ['00.000s,11.111s', '11.111s,22.222s', '22.222s,33.333s'], 'content': ['mandarin', 'english', 'uygur']}
2019-01-05 Saturday 19:38:36  DEBUG :  INFO --发送平台信息包头:data, 当前处理的音频文件是:1-0.00-71.11.wav 
发送时刻(hhmmss):Sat Jan  5 19:38:36 2019, IP地址:localhost, 是否发送成功:1, 发送内容查询log,ycsy:{'timesteps': ['4.0s,8.0s', '68.0s,70.0s'], 'content': ['gun_shot', 'gun_shot']}
,swfl:{'timesteps': ['20.123s,23.456s', '30.111s,35.222s', '36.000s,37.000s', '38.000s,40.000s'], 'content': ['id00001', 'id00003', 'id00001', 'id00002'], 'newid': ['id00003']}
,yzfl:{'timesteps': ['00.000s,11.111s', '11.111s,22.222s', '22.222s,33.333s'], 'content': ['mandarin', 'english', 'uygur']}
2019-01-05 Saturday 19:39:08  DEBUG :  INFO --发送平台信息包头:data, 当前处理的音频文件是:1-0.00-34.32.wav 
发送时刻(hhmmss):Sat Jan  5 19:39:08 2019, IP地址:localhost, 是否发送成功:1, 发送内容查询log,ycsy:{'timesteps': [], 'content': []}
,swfl:{'timesteps': ['20.123s,23.456s', '30.111s,35.222s', '36.000s,37.000s', '38.000s,40.000s'], 'content': ['id00001', 'id00003', 'id00001', 'id00002'], 'newid': ['id00003']}
,yzfl:{'timesteps': ['00.000s,11.111s', '11.111s,22.222s', '22.222s,33.333s'], 'content': ['mandarin', 'english', 'uygur']}
2019-01-05 Saturday 19:39:51  DEBUG :  INFO --发送平台信息包头:data, 当前处理的音频文件是:1-0.00-791.95.wav 
发送时刻(hhmmss):Sat Jan  5 19:39:51 2019, IP地址:localhost, 是否发送成功:1, 发送内容查询log,ycsy:{'timesteps': ['26.0s,28.0s', '104.0s,106.0s', '110.0s,114.0s', '124.0s,134.0s', '140.0s,148.0s', '202.0s,222.0s', '230.0s,238.0s', '246.0s,248.0s', '266.0s,268.0s', '272.0s,274.0s', '278.0s,280.0s', '284.0s,290.0s', '300.0s,312.0s', '324.0s,326.0s', '334.0s,348.0s', '412.0s,418.0s', '374.0s,376.0s', '420.0s,434.0s', '448.0s,452.0s', '468.0s,470.0s', '536.0s,548.0s', '494.0s,496.0s', '514.0s,532.0s', '544.0s,546.0s', '554.0s,558.0s', '580.0s,582.0s', '658.0s,664.0s', '616.0s,618.0s', '632.0s,640.0s', '714.0s,720.0s', '768.0s,772.0s'], 'content': ['gun_shot', 'gun_shot', 'gun_shot', 'gun_shot', 'gun_shot', 'gun_shot', 'gun_shot', 'gun_shot', 'gun_shot', 'gun_shot', 'gun_shot', 'gun_shot', 'gun_shot', 'gun_shot', 'gun_shot', 'gun_shot', 'gun_shot', 'gun_shot', 'gun_shot', 'gun_shot', 'gun_shot', 'gun_shot', 'gun_shot', 'gun_shot', 'gun_shot', 'gun_shot', 'gun_shot', 'gun_shot', 'gun_shot', 'gun_shot', 'gun_shot']}
,swfl:{'timesteps': ['20.123s,23.456s', '30.111s,35.222s', '36.000s,37.000s', '38.000s,40.000s'], 'content': ['id00001', 'id00003', 'id00001', 'id00002'], 'newid': ['id00003']}
,yzfl:{'timesteps': ['00.000s,11.111s', '11.111s,22.222s', '22.222s,33.333s'], 'content': ['mandarin', 'english', 'uygur']}
2019-01-05 Saturday 19:40:09  DEBUG :  INFO --发送平台信息包头:data, 当前处理的音频文件是:1-0.00-204.34.wav 
发送时刻(hhmmss):Sat Jan  5 19:40:09 2019, IP地址:localhost, 是否发送成功:1, 发送内容查询log,ycsy:{'timesteps': ['12.0s,18.0s', '34.0s,36.0s', '86.0s,92.0s', '176.0s,178.0s', '158.0s,160.0s'], 'content': ['gun_shot', 'gun_shot', 'gun_shot', 'gun_shot', 'speaking']}
,swfl:{'timesteps': ['20.123s,23.456s', '30.111s,35.222s', '36.000s,37.000s', '38.000s,40.000s'], 'content': ['id00001', 'id00003', 'id00001', 'id00002'], 'newid': ['id00003']}
,yzfl:{'timesteps': ['00.000s,11.111s', '11.111s,22.222s', '22.222s,33.333s'], 'content': ['mandarin', 'english', 'uygur']}
2019-01-05 Saturday 19:40:36  DEBUG :  INFO --发送平台信息包头:data, 当前处理的音频文件是:1-0.00-64.88.wav 
发送时刻(hhmmss):Sat Jan  5 19:40:36 2019, IP地址:localhost, 是否发送成功:1, 发送内容查询log,ycsy:{'timesteps': [], 'content': []}
,swfl:{'timesteps': ['20.123s,23.456s', '30.111s,35.222s', '36.000s,37.000s', '38.000s,40.000s'], 'content': ['id00001', 'id00003', 'id00001', 'id00002'], 'newid': ['id00003']}
,yzfl:{'timesteps': ['00.000s,11.111s', '11.111s,22.222s', '22.222s,33.333s'], 'content': ['mandarin', 'english', 'uygur']}
2019-01-05 Saturday 19:40:38  ERROR :  当前线程：1 处理音频D:\Dataset\Gunshot\1-0.00-14.01.wav时发生错误:Traceback (most recent call last):
  File "C:\Users\51198\AppData\Local\Programs\Python\Python36\lib\site-packages\torch\utils\data\dataloader.py", line 138, in _worker_loop
    samples = collate_fn([dataset[i] for i in batch_indices])
  File "C:\Users\51198\AppData\Local\Programs\Python\Python36\lib\site-packages\torch\utils\data\dataloader.py", line 138, in <listcomp>
    samples = collate_fn([dataset[i] for i in batch_indices])
  File "D:\GitRep\pyQt\algorithms\audio_classifier\pre_mel_loader.py", line 222, in __getitem__
    self.window_type, self.normalize, self.max_len)
  File "D:\GitRep\pyQt\algorithms\audio_classifier\pre_mel_loader.py", line 65, in logmeldelta_loader
    delta = librosa.feature.delta(logmel)
  File "C:\Users\51198\AppData\Local\Programs\Python\Python36\lib\site-packages\librosa\feature\utils.py", line 110, in delta
    "cannot exceed data.shape[axis]={}".format(width, data.shape[axis]))
librosa.util.exceptions.ParameterError: when mode='interp', width=9 cannot exceed data.shape[axis]=2


2019-01-05 Saturday 19:44:28  INFO :  所有文件处理完成。
2019-01-05 Saturday 19:44:28  INFO :  所有文件处理完成。
2019-01-05 Saturday 19:44:28  INFO :  所有文件处理完成。
